{"C:\\Users\\jandi\\Documents\\GitHub\\bora-peticionar\\borapeticionar-backend\\borapeticionar-backend\\src\\app.module.ts": {"path":"C:\\Users\\jandi\\Documents\\GitHub\\bora-peticionar\\borapeticionar-backend\\borapeticionar-backend\\src\\app.module.ts","statementMap":{"0":{"start":{"line":1,"column":0},"end":{"line":1,"column":40}},"1":{"start":{"line":2,"column":0},"end":{"line":2,"column":46}},"2":{"start":{"line":3,"column":0},"end":{"line":3,"column":54}},"3":{"start":{"line":4,"column":0},"end":{"line":4,"column":48}},"4":{"start":{"line":5,"column":0},"end":{"line":5,"column":51}},"5":{"start":{"line":6,"column":0},"end":{"line":6,"column":63}},"6":{"start":{"line":7,"column":0},"end":{"line":7,"column":51}},"7":{"start":{"line":8,"column":0},"end":{"line":8,"column":63}},"8":{"start":{"line":9,"column":0},"end":{"line":9,"column":75}},"9":{"start":{"line":23,"column":7},"end":{"line":23,"column":null}},"10":{"start":{"line":23,"column":13},"end":{"line":23,"column":22}},"11":{"start":{"line":23,"column":13},"end":{"line":23,"column":null}}},"fnMap":{},"branchMap":{},"s":{"0":0,"1":0,"2":0,"3":0,"4":0,"5":0,"6":0,"7":0,"8":0,"9":0,"10":0,"11":0},"f":{},"b":{}}
,"C:\\Users\\jandi\\Documents\\GitHub\\bora-peticionar\\borapeticionar-backend\\borapeticionar-backend\\src\\main.ts": {"path":"C:\\Users\\jandi\\Documents\\GitHub\\bora-peticionar\\borapeticionar-backend\\borapeticionar-backend\\src\\main.ts","statementMap":{"0":{"start":{"line":1,"column":0},"end":{"line":1,"column":43}},"1":{"start":{"line":2,"column":0},"end":{"line":2,"column":48}},"2":{"start":{"line":3,"column":0},"end":{"line":3,"column":28}},"3":{"start":{"line":4,"column":0},"end":{"line":4,"column":41}},"4":{"start":{"line":7,"column":14},"end":{"line":7,"column":49}},"5":{"start":{"line":9,"column":2},"end":{"line":9,"column":20}},"6":{"start":{"line":11,"column":2},"end":{"line":14,"column":5}},"7":{"start":{"line":16,"column":2},"end":{"line":22,"column":4}},"8":{"start":{"line":24,"column":2},"end":{"line":24,"column":29}},"9":{"start":{"line":26,"column":15},"end":{"line":26,"column":39}},"10":{"start":{"line":27,"column":2},"end":{"line":27,"column":25}},"11":{"start":{"line":28,"column":2},"end":{"line":28,"column":60}},"12":{"start":{"line":30,"column":0},"end":{"line":30,"column":17}}},"fnMap":{"0":{"name":"bootstrap","decl":{"start":{"line":6,"column":15},"end":{"line":6,"column":24}},"loc":{"start":{"line":6,"column":24},"end":{"line":29,"column":1}}}},"branchMap":{"0":{"loc":{"start":{"line":12,"column":12},"end":{"line":12,"column":63}},"type":"binary-expr","locations":[{"start":{"line":12,"column":12},"end":{"line":12,"column":36}},{"start":{"line":12,"column":40},"end":{"line":12,"column":63}}]},"1":{"loc":{"start":{"line":26,"column":15},"end":{"line":26,"column":39}},"type":"binary-expr","locations":[{"start":{"line":26,"column":15},"end":{"line":26,"column":31}},{"start":{"line":26,"column":35},"end":{"line":26,"column":39}}]}},"s":{"0":0,"1":0,"2":0,"3":0,"4":0,"5":0,"6":0,"7":0,"8":0,"9":0,"10":0,"11":0,"12":0},"f":{"0":0},"b":{"0":[0,0],"1":[0,0]}}
,"C:\\Users\\jandi\\Documents\\GitHub\\bora-peticionar\\borapeticionar-backend\\borapeticionar-backend\\src\\auth\\auth.controller.ts": {"path":"C:\\Users\\jandi\\Documents\\GitHub\\bora-peticionar\\borapeticionar-backend\\borapeticionar-backend\\src\\auth\\auth.controller.ts","statementMap":{"0":{"start":{"line":1,"column":0},"end":{"line":1,"column":null}},"1":{"start":{"line":12,"column":0},"end":{"line":12,"column":45}},"2":{"start":{"line":13,"column":0},"end":{"line":13,"column":58}},"3":{"start":{"line":14,"column":0},"end":{"line":14,"column":59}},"4":{"start":{"line":15,"column":0},"end":{"line":15,"column":55}},"5":{"start":{"line":16,"column":0},"end":{"line":16,"column":61}},"6":{"start":{"line":19,"column":7},"end":{"line":52,"column":null}},"7":{"start":{"line":20,"column":31},"end":{"line":20,"column":44}},"8":{"start":{"line":31,"column":4},"end":{"line":31,"column":79}},"9":{"start":{"line":40,"column":4},"end":{"line":40,"column":78}},"10":{"start":{"line":50,"column":4},"end":{"line":50,"column":66}},"11":{"start":{"line":19,"column":13},"end":{"line":19,"column":27}},"12":{"start":{"line":25,"column":8},"end":{"line":32,"column":null}},"13":{"start":{"line":37,"column":8},"end":{"line":41,"column":null}},"14":{"start":{"line":46,"column":8},"end":{"line":51,"column":null}},"15":{"start":{"line":19,"column":13},"end":{"line":52,"column":null}}},"fnMap":{"0":{"name":"(anonymous_4)","decl":{"start":{"line":20,"column":2},"end":{"line":20,"column":31}},"loc":{"start":{"line":20,"column":55},"end":{"line":20,"column":59}}},"1":{"name":"(anonymous_5)","decl":{"start":{"line":25,"column":8},"end":{"line":25,"column":13}},"loc":{"start":{"line":29,"column":27},"end":{"line":32,"column":3}}},"2":{"name":"(anonymous_6)","decl":{"start":{"line":37,"column":8},"end":{"line":37,"column":15}},"loc":{"start":{"line":38,"column":66},"end":{"line":41,"column":3}}},"3":{"name":"(anonymous_7)","decl":{"start":{"line":46,"column":8},"end":{"line":46,"column":14}},"loc":{"start":{"line":48,"column":32},"end":{"line":51,"column":3}}}},"branchMap":{"0":{"loc":{"start":{"line":31,"column":44},"end":{"line":31,"column":66}},"type":"binary-expr","locations":[{"start":{"line":31,"column":44},"end":{"line":31,"column":53}},{"start":{"line":31,"column":57},"end":{"line":31,"column":66}}]},"1":{"loc":{"start":{"line":48,"column":17},"end":{"line":48,"column":null}},"type":"cond-expr","locations":[{"start":{"line":48,"column":32},"end":{"line":48,"column":null}},{"start":{"line":48,"column":32},"end":{"line":48,"column":null}}]},"2":{"loc":{"start":{"line":48,"column":17},"end":{"line":48,"column":32}},"type":"binary-expr","locations":[{"start":{"line":48,"column":17},"end":{"line":48,"column":null}},{"start":{"line":48,"column":17},"end":{"line":48,"column":32}}]},"3":{"loc":{"start":{"line":20,"column":44},"end":{"line":20,"column":58}},"type":"cond-expr","locations":[{"start":{"line":20,"column":55},"end":{"line":20,"column":58}},{"start":{"line":20,"column":55},"end":{"line":20,"column":58}}]},"4":{"loc":{"start":{"line":20,"column":44},"end":{"line":20,"column":55}},"type":"binary-expr","locations":[{"start":{"line":20,"column":44},"end":{"line":20,"column":58}},{"start":{"line":20,"column":44},"end":{"line":20,"column":55}}]}},"s":{"0":1,"1":1,"2":1,"3":1,"4":1,"5":1,"6":1,"7":3,"8":1,"9":1,"10":1,"11":1,"12":1,"13":1,"14":1,"15":1},"f":{"0":3,"1":1,"2":1,"3":1},"b":{"0":[1,0],"1":[1,0],"2":[1,1],"3":[1,0],"4":[1,1]}}
,"C:\\Users\\jandi\\Documents\\GitHub\\bora-peticionar\\borapeticionar-backend\\borapeticionar-backend\\src\\auth\\auth.module.ts": {"path":"C:\\Users\\jandi\\Documents\\GitHub\\bora-peticionar\\borapeticionar-backend\\borapeticionar-backend\\src\\auth\\auth.module.ts","statementMap":{"0":{"start":{"line":1,"column":0},"end":{"line":1,"column":40}},"1":{"start":{"line":2,"column":0},"end":{"line":2,"column":40}},"2":{"start":{"line":3,"column":0},"end":{"line":3,"column":50}},"3":{"start":{"line":4,"column":0},"end":{"line":4,"column":46}},"4":{"start":{"line":5,"column":0},"end":{"line":5,"column":45}},"5":{"start":{"line":6,"column":0},"end":{"line":6,"column":51}},"6":{"start":{"line":7,"column":0},"end":{"line":7,"column":56}},"7":{"start":{"line":8,"column":0},"end":{"line":8,"column":71}},"8":{"start":{"line":9,"column":0},"end":{"line":9,"column":60}},"9":{"start":{"line":10,"column":0},"end":{"line":10,"column":52}},"10":{"start":{"line":18,"column":7},"end":{"line":18,"column":null}},"11":{"start":{"line":18,"column":13},"end":{"line":18,"column":23}},"12":{"start":{"line":18,"column":13},"end":{"line":18,"column":null}}},"fnMap":{},"branchMap":{},"s":{"0":0,"1":0,"2":0,"3":0,"4":0,"5":0,"6":0,"7":0,"8":0,"9":0,"10":0,"11":0,"12":0},"f":{},"b":{}}
,"C:\\Users\\jandi\\Documents\\GitHub\\bora-peticionar\\borapeticionar-backend\\borapeticionar-backend\\src\\auth\\auth.service.ts": {"path":"C:\\Users\\jandi\\Documents\\GitHub\\bora-peticionar\\borapeticionar-backend\\borapeticionar-backend\\src\\auth\\auth.service.ts","statementMap":{"0":{"start":{"line":1,"column":0},"end":{"line":1,"column":null}},"1":{"start":{"line":7,"column":0},"end":{"line":7,"column":41}},"2":{"start":{"line":8,"column":0},"end":{"line":8,"column":47}},"3":{"start":{"line":9,"column":0},"end":{"line":9,"column":33}},"4":{"start":{"line":10,"column":0},"end":{"line":10,"column":36}},"5":{"start":{"line":11,"column":0},"end":{"line":11,"column":57}},"6":{"start":{"line":12,"column":0},"end":{"line":12,"column":54}},"7":{"start":{"line":15,"column":7},"end":{"line":165,"column":null}},"8":{"start":{"line":17,"column":21},"end":{"line":17,"column":29}},"9":{"start":{"line":18,"column":21},"end":{"line":18,"column":35}},"10":{"start":{"line":19,"column":21},"end":{"line":19,"column":33}},"11":{"start":{"line":20,"column":21},"end":{"line":20,"column":36}},"12":{"start":{"line":24,"column":17},"end":{"line":24,"column":59}},"13":{"start":{"line":25,"column":4},"end":{"line":27,"column":5}},"14":{"start":{"line":26,"column":6},"end":{"line":26,"column":18}},"15":{"start":{"line":28,"column":28},"end":{"line":28,"column":73}},"16":{"start":{"line":29,"column":4},"end":{"line":31,"column":5}},"17":{"start":{"line":30,"column":6},"end":{"line":30,"column":18}},"18":{"start":{"line":33,"column":39},"end":{"line":33,"column":43}},"19":{"start":{"line":34,"column":4},"end":{"line":34,"column":18}},"20":{"start":{"line":42,"column":26},"end":{"line":48,"column":6}},"21":{"start":{"line":50,"column":4},"end":{"line":54,"column":5}},"22":{"start":{"line":51,"column":6},"end":{"line":53,"column":8}},"23":{"start":{"line":56,"column":20},"end":{"line":60,"column":6}},"24":{"start":{"line":62,"column":24},"end":{"line":65,"column":13}},"25":{"start":{"line":67,"column":25},"end":{"line":67,"column":65}},"26":{"start":{"line":69,"column":4},"end":{"line":69,"column":60}},"27":{"start":{"line":71,"column":4},"end":{"line":79,"column":6}},"28":{"start":{"line":83,"column":24},"end":{"line":85,"column":6}},"29":{"start":{"line":87,"column":4},"end":{"line":89,"column":5}},"30":{"start":{"line":88,"column":6},"end":{"line":88,"column":61}},"31":{"start":{"line":91,"column":4},"end":{"line":94,"column":5}},"32":{"start":{"line":92,"column":6},"end":{"line":92,"column":79}},"33":{"start":{"line":93,"column":6},"end":{"line":93,"column":61}},"34":{"start":{"line":96,"column":4},"end":{"line":96,"column":77}},"35":{"start":{"line":98,"column":17},"end":{"line":101,"column":6}},"36":{"start":{"line":103,"column":4},"end":{"line":105,"column":5}},"37":{"start":{"line":104,"column":6},"end":{"line":104,"column":64}},"38":{"start":{"line":107,"column":20},"end":{"line":107,"column":68}},"39":{"start":{"line":109,"column":24},"end":{"line":112,"column":13}},"40":{"start":{"line":114,"column":25},"end":{"line":114,"column":65}},"41":{"start":{"line":116,"column":4},"end":{"line":116,"column":41}},"42":{"start":{"line":120,"column":4},"end":{"line":122,"column":7}},"43":{"start":{"line":124,"column":4},"end":{"line":127,"column":7}},"44":{"start":{"line":129,"column":4},"end":{"line":129,"column":55}},"45":{"start":{"line":133,"column":18},"end":{"line":133,"column":26}},"46":{"start":{"line":134,"column":22},"end":{"line":134,"column":32}},"47":{"start":{"line":135,"column":4},"end":{"line":135,"column":47}},"48":{"start":{"line":137,"column":4},"end":{"line":143,"column":7}},"49":{"start":{"line":145,"column":4},"end":{"line":145,"column":17}},"50":{"start":{"line":153,"column":22},"end":{"line":153,"column":32}},"51":{"start":{"line":154,"column":4},"end":{"line":154,"column":47}},"52":{"start":{"line":156,"column":4},"end":{"line":163,"column":7}},"53":{"start":{"line":15,"column":13},"end":{"line":15,"column":24}},"54":{"start":{"line":15,"column":13},"end":{"line":165,"column":null}}},"fnMap":{"0":{"name":"(anonymous_11)","decl":{"start":{"line":16,"column":2},"end":{"line":16,"column":null}},"loc":{"start":{"line":20,"column":49},"end":{"line":21,"column":6}}},"1":{"name":"(anonymous_12)","decl":{"start":{"line":23,"column":2},"end":{"line":23,"column":7}},"loc":{"start":{"line":23,"column":52},"end":{"line":35,"column":3}}},"2":{"name":"(anonymous_13)","decl":{"start":{"line":37,"column":2},"end":{"line":37,"column":7}},"loc":{"start":{"line":40,"column":22},"end":{"line":80,"column":3}}},"3":{"name":"(anonymous_14)","decl":{"start":{"line":82,"column":2},"end":{"line":82,"column":7}},"loc":{"start":{"line":82,"column":61},"end":{"line":117,"column":3}}},"4":{"name":"(anonymous_15)","decl":{"start":{"line":119,"column":2},"end":{"line":119,"column":7}},"loc":{"start":{"line":119,"column":51},"end":{"line":130,"column":3}}},"5":{"name":"(anonymous_16)","decl":{"start":{"line":132,"column":10},"end":{"line":132,"column":15}},"loc":{"start":{"line":132,"column":51},"end":{"line":146,"column":3}}},"6":{"name":"(anonymous_17)","decl":{"start":{"line":148,"column":10},"end":{"line":148,"column":15}},"loc":{"start":{"line":151,"column":22},"end":{"line":164,"column":3}}}},"branchMap":{"0":{"loc":{"start":{"line":25,"column":4},"end":{"line":27,"column":5}},"type":"if","locations":[{"start":{"line":25,"column":4},"end":{"line":27,"column":5}},{"start":{},"end":{}}]},"1":{"loc":{"start":{"line":29,"column":4},"end":{"line":31,"column":5}},"type":"if","locations":[{"start":{"line":29,"column":4},"end":{"line":31,"column":5}},{"start":{},"end":{}}]},"2":{"loc":{"start":{"line":50,"column":4},"end":{"line":54,"column":5}},"type":"if","locations":[{"start":{"line":50,"column":4},"end":{"line":54,"column":5}},{"start":{},"end":{}}]},"3":{"loc":{"start":{"line":87,"column":4},"end":{"line":89,"column":5}},"type":"if","locations":[{"start":{"line":87,"column":4},"end":{"line":89,"column":5}},{"start":{},"end":{}}]},"4":{"loc":{"start":{"line":87,"column":8},"end":{"line":87,"column":53}},"type":"binary-expr","locations":[{"start":{"line":87,"column":8},"end":{"line":87,"column":20}},{"start":{"line":87,"column":24},"end":{"line":87,"column":53}}]},"5":{"loc":{"start":{"line":91,"column":4},"end":{"line":94,"column":5}},"type":"if","locations":[{"start":{"line":91,"column":4},"end":{"line":94,"column":5}},{"start":{},"end":{}}]},"6":{"loc":{"start":{"line":103,"column":4},"end":{"line":105,"column":5}},"type":"if","locations":[{"start":{"line":103,"column":4},"end":{"line":105,"column":5}},{"start":{},"end":{}}]},"7":{"loc":{"start":{"line":17,"column":29},"end":{"line":17,"column":null}},"type":"cond-expr","locations":[{"start":{"line":17,"column":42},"end":{"line":17,"column":null}},{"start":{"line":17,"column":42},"end":{"line":17,"column":null}}]},"8":{"loc":{"start":{"line":17,"column":29},"end":{"line":17,"column":42}},"type":"binary-expr","locations":[{"start":{"line":17,"column":29},"end":{"line":17,"column":null}},{"start":{"line":17,"column":29},"end":{"line":17,"column":42}}]},"9":{"loc":{"start":{"line":17,"column":42},"end":{"line":18,"column":null}},"type":"cond-expr","locations":[{"start":{"line":18,"column":47},"end":{"line":18,"column":null}},{"start":{"line":18,"column":47},"end":{"line":18,"column":null}}]},"10":{"loc":{"start":{"line":17,"column":42},"end":{"line":18,"column":47}},"type":"binary-expr","locations":[{"start":{"line":17,"column":42},"end":{"line":18,"column":null}},{"start":{"line":18,"column":35},"end":{"line":18,"column":47}}]},"11":{"loc":{"start":{"line":18,"column":47},"end":{"line":19,"column":null}},"type":"cond-expr","locations":[{"start":{"line":19,"column":43},"end":{"line":19,"column":null}},{"start":{"line":19,"column":43},"end":{"line":19,"column":null}}]},"12":{"loc":{"start":{"line":18,"column":47},"end":{"line":19,"column":43}},"type":"binary-expr","locations":[{"start":{"line":18,"column":47},"end":{"line":19,"column":null}},{"start":{"line":19,"column":33},"end":{"line":19,"column":43}}]},"13":{"loc":{"start":{"line":19,"column":43},"end":{"line":20,"column":null}},"type":"cond-expr","locations":[{"start":{"line":20,"column":49},"end":{"line":20,"column":null}},{"start":{"line":20,"column":49},"end":{"line":20,"column":null}}]},"14":{"loc":{"start":{"line":19,"column":43},"end":{"line":20,"column":49}},"type":"binary-expr","locations":[{"start":{"line":19,"column":43},"end":{"line":20,"column":null}},{"start":{"line":20,"column":36},"end":{"line":20,"column":49}}]}},"s":{"0":3,"1":3,"2":3,"3":3,"4":3,"5":3,"6":3,"7":3,"8":11,"9":11,"10":11,"11":11,"12":3,"13":3,"14":1,"15":2,"16":2,"17":1,"18":1,"19":1,"20":2,"21":2,"22":1,"23":1,"24":1,"25":1,"26":1,"27":1,"28":5,"29":5,"30":2,"31":3,"32":1,"33":1,"34":2,"35":2,"36":2,"37":1,"38":1,"39":1,"40":1,"41":1,"42":1,"43":1,"44":1,"45":2,"46":2,"47":2,"48":2,"49":2,"50":1,"51":1,"52":1,"53":3,"54":3},"f":{"0":11,"1":3,"2":2,"3":5,"4":1,"5":2,"6":1},"b":{"0":[1,2],"1":[1,1],"2":[1,1],"3":[2,3],"4":[5,4],"5":[1,2],"6":[1,1],"7":[3,0],"8":[3,3],"9":[3,0],"10":[3,3],"11":[3,0],"12":[3,3],"13":[3,0],"14":[3,3]}}
,"C:\\Users\\jandi\\Documents\\GitHub\\bora-peticionar\\borapeticionar-backend\\borapeticionar-backend\\src\\auth\\decorators\\roles.decorator.ts": {"path":"C:\\Users\\jandi\\Documents\\GitHub\\bora-peticionar\\borapeticionar-backend\\borapeticionar-backend\\src\\auth\\decorators\\roles.decorator.ts","statementMap":{"0":{"start":{"line":1,"column":0},"end":{"line":1,"column":45}},"1":{"start":{"line":4,"column":13},"end":{"line":4,"column":33}},"2":{"start":{"line":5,"column":21},"end":{"line":5,"column":72}},"3":{"start":{"line":5,"column":43},"end":{"line":5,"column":72}},"4":{"start":{"line":5,"column":13},"end":{"line":5,"column":21}}},"fnMap":{"0":{"name":"(anonymous_0)","decl":{"start":{"line":5,"column":21},"end":{"line":5,"column":22}},"loc":{"start":{"line":5,"column":43},"end":{"line":5,"column":72}}}},"branchMap":{},"s":{"0":1,"1":1,"2":1,"3":6,"4":1},"f":{"0":6},"b":{}}
,"C:\\Users\\jandi\\Documents\\GitHub\\bora-peticionar\\borapeticionar-backend\\borapeticionar-backend\\src\\auth\\dto\\login.dto.ts": {"path":"C:\\Users\\jandi\\Documents\\GitHub\\bora-peticionar\\borapeticionar-backend\\borapeticionar-backend\\src\\auth\\dto\\login.dto.ts","statementMap":{"0":{"start":{"line":1,"column":0},"end":{"line":1,"column":54}},"1":{"start":{"line":3,"column":0},"end":{"line":3,"column":13}},"2":{"start":{"line":6,"column":2},"end":{"line":6,"column":null}},"3":{"start":{"line":9,"column":2},"end":{"line":9,"column":null}}},"fnMap":{},"branchMap":{},"s":{"0":0,"1":0,"2":0,"3":0},"f":{},"b":{}}
,"C:\\Users\\jandi\\Documents\\GitHub\\bora-peticionar\\borapeticionar-backend\\borapeticionar-backend\\src\\auth\\dto\\refresh-token.dto.ts": {"path":"C:\\Users\\jandi\\Documents\\GitHub\\bora-peticionar\\borapeticionar-backend\\borapeticionar-backend\\src\\auth\\dto\\refresh-token.dto.ts","statementMap":{"0":{"start":{"line":1,"column":0},"end":{"line":1,"column":45}},"1":{"start":{"line":3,"column":0},"end":{"line":3,"column":13}},"2":{"start":{"line":5,"column":2},"end":{"line":5,"column":null}}},"fnMap":{},"branchMap":{},"s":{"0":1,"1":1,"2":1},"f":{},"b":{}}
,"C:\\Users\\jandi\\Documents\\GitHub\\bora-peticionar\\borapeticionar-backend\\borapeticionar-backend\\src\\auth\\guards\\jwt-auth.guard.ts": {"path":"C:\\Users\\jandi\\Documents\\GitHub\\bora-peticionar\\borapeticionar-backend\\borapeticionar-backend\\src\\auth\\guards\\jwt-auth.guard.ts","statementMap":{"0":{"start":{"line":1,"column":0},"end":{"line":1,"column":44}},"1":{"start":{"line":2,"column":0},"end":{"line":2,"column":45}},"2":{"start":{"line":5,"column":7},"end":{"line":5,"column":null}},"3":{"start":{"line":5,"column":13},"end":{"line":5,"column":25}},"4":{"start":{"line":5,"column":13},"end":{"line":5,"column":null}}},"fnMap":{},"branchMap":{},"s":{"0":6,"1":6,"2":6,"3":6,"4":6},"f":{},"b":{}}
,"C:\\Users\\jandi\\Documents\\GitHub\\bora-peticionar\\borapeticionar-backend\\borapeticionar-backend\\src\\auth\\guards\\jwt-refresh.guard.ts": {"path":"C:\\Users\\jandi\\Documents\\GitHub\\bora-peticionar\\borapeticionar-backend\\borapeticionar-backend\\src\\auth\\guards\\jwt-refresh.guard.ts","statementMap":{"0":{"start":{"line":1,"column":0},"end":{"line":1,"column":44}},"1":{"start":{"line":2,"column":0},"end":{"line":2,"column":45}},"2":{"start":{"line":5,"column":7},"end":{"line":5,"column":null}},"3":{"start":{"line":5,"column":13},"end":{"line":5,"column":28}},"4":{"start":{"line":5,"column":13},"end":{"line":5,"column":null}}},"fnMap":{},"branchMap":{},"s":{"0":1,"1":1,"2":1,"3":1,"4":1},"f":{},"b":{}}
,"C:\\Users\\jandi\\Documents\\GitHub\\bora-peticionar\\borapeticionar-backend\\borapeticionar-backend\\src\\auth\\guards\\local-auth.guard.ts": {"path":"C:\\Users\\jandi\\Documents\\GitHub\\bora-peticionar\\borapeticionar-backend\\borapeticionar-backend\\src\\auth\\guards\\local-auth.guard.ts","statementMap":{"0":{"start":{"line":1,"column":0},"end":{"line":1,"column":44}},"1":{"start":{"line":2,"column":0},"end":{"line":2,"column":45}},"2":{"start":{"line":5,"column":7},"end":{"line":5,"column":null}},"3":{"start":{"line":5,"column":13},"end":{"line":5,"column":27}},"4":{"start":{"line":5,"column":13},"end":{"line":5,"column":null}}},"fnMap":{},"branchMap":{},"s":{"0":1,"1":1,"2":1,"3":1,"4":1},"f":{},"b":{}}
,"C:\\Users\\jandi\\Documents\\GitHub\\bora-peticionar\\borapeticionar-backend\\borapeticionar-backend\\src\\auth\\guards\\roles.guard.ts": {"path":"C:\\Users\\jandi\\Documents\\GitHub\\bora-peticionar\\borapeticionar-backend\\borapeticionar-backend\\src\\auth\\guards\\roles.guard.ts","statementMap":{"0":{"start":{"line":1,"column":0},"end":{"line":1,"column":75}},"1":{"start":{"line":2,"column":0},"end":{"line":2,"column":41}},"2":{"start":{"line":5,"column":13},"end":{"line":5,"column":33}},"3":{"start":{"line":8,"column":7},"end":{"line":27,"column":null}},"4":{"start":{"line":9,"column":22},"end":{"line":9,"column":33}},"5":{"start":{"line":12,"column":26},"end":{"line":15,"column":6}},"6":{"start":{"line":17,"column":4},"end":{"line":19,"column":5}},"7":{"start":{"line":18,"column":6},"end":{"line":18,"column":18}},"8":{"start":{"line":21,"column":20},"end":{"line":23,"column":47}},"9":{"start":{"line":24,"column":21},"end":{"line":24,"column":39}},"10":{"start":{"line":25,"column":4},"end":{"line":25,"column":63}},"11":{"start":{"line":8,"column":13},"end":{"line":8,"column":23}},"12":{"start":{"line":8,"column":13},"end":{"line":27,"column":null}}},"fnMap":{"0":{"name":"(anonymous_2)","decl":{"start":{"line":9,"column":2},"end":{"line":9,"column":22}},"loc":{"start":{"line":9,"column":42},"end":{"line":9,"column":46}}},"1":{"name":"(anonymous_3)","decl":{"start":{"line":11,"column":2},"end":{"line":11,"column":13}},"loc":{"start":{"line":11,"column":39},"end":{"line":26,"column":3}}}},"branchMap":{"0":{"loc":{"start":{"line":17,"column":4},"end":{"line":19,"column":5}},"type":"if","locations":[{"start":{"line":17,"column":4},"end":{"line":19,"column":5}},{"start":{},"end":{}}]},"1":{"loc":{"start":{"line":25,"column":11},"end":{"line":25,"column":62}},"type":"cond-expr","locations":[{"start":{"line":25,"column":22},"end":{"line":25,"column":54}},{"start":{"line":25,"column":57},"end":{"line":25,"column":62}}]},"2":{"loc":{"start":{"line":9,"column":33},"end":{"line":9,"column":45}},"type":"cond-expr","locations":[{"start":{"line":9,"column":42},"end":{"line":9,"column":45}},{"start":{"line":9,"column":42},"end":{"line":9,"column":45}}]},"3":{"loc":{"start":{"line":9,"column":33},"end":{"line":9,"column":42}},"type":"binary-expr","locations":[{"start":{"line":9,"column":33},"end":{"line":9,"column":45}},{"start":{"line":9,"column":33},"end":{"line":9,"column":42}}]}},"s":{"0":2,"1":2,"2":2,"3":2,"4":13,"5":4,"6":4,"7":1,"8":3,"9":3,"10":3,"11":2,"12":2},"f":{"0":13,"1":4},"b":{"0":[1,3],"1":[2,1],"2":[2,0],"3":[2,2]}}
,"C:\\Users\\jandi\\Documents\\GitHub\\bora-peticionar\\borapeticionar-backend\\borapeticionar-backend\\src\\auth\\strategies\\jwt-refresh.strategy.ts": {"path":"C:\\Users\\jandi\\Documents\\GitHub\\bora-peticionar\\borapeticionar-backend\\borapeticionar-backend\\src\\auth\\strategies\\jwt-refresh.strategy.ts","statementMap":{"0":{"start":{"line":1,"column":0},"end":{"line":1,"column":67}},"1":{"start":{"line":2,"column":0},"end":{"line":2,"column":52}},"2":{"start":{"line":3,"column":0},"end":{"line":3,"column":52}},"3":{"start":{"line":4,"column":0},"end":{"line":4,"column":47}},"4":{"start":{"line":8,"column":7},"end":{"line":32,"column":null}},"5":{"start":{"line":13,"column":19},"end":{"line":13,"column":66}},"6":{"start":{"line":14,"column":4},"end":{"line":16,"column":5}},"7":{"start":{"line":15,"column":6},"end":{"line":15,"column":60}},"8":{"start":{"line":17,"column":4},"end":{"line":22,"column":7}},"9":{"start":{"line":26,"column":26},"end":{"line":26,"column":78}},"10":{"start":{"line":27,"column":4},"end":{"line":29,"column":5}},"11":{"start":{"line":28,"column":6},"end":{"line":28,"column":69}},"12":{"start":{"line":30,"column":4},"end":{"line":30,"column":67}},"13":{"start":{"line":8,"column":13},"end":{"line":8,"column":31}},"14":{"start":{"line":8,"column":13},"end":{"line":32,"column":null}}},"fnMap":{"0":{"name":"(anonymous_2)","decl":{"start":{"line":12,"column":2},"end":{"line":12,"column":14}},"loc":{"start":{"line":12,"column":42},"end":{"line":23,"column":3}}},"1":{"name":"(anonymous_3)","decl":{"start":{"line":25,"column":2},"end":{"line":25,"column":10}},"loc":{"start":{"line":25,"column":64},"end":{"line":31,"column":3}}}},"branchMap":{"0":{"loc":{"start":{"line":14,"column":4},"end":{"line":16,"column":5}},"type":"if","locations":[{"start":{"line":14,"column":4},"end":{"line":16,"column":5}},{"start":{},"end":{}}]},"1":{"loc":{"start":{"line":27,"column":4},"end":{"line":29,"column":5}},"type":"if","locations":[{"start":{"line":27,"column":4},"end":{"line":29,"column":5}},{"start":{},"end":{}}]},"2":{"loc":{"start":{"line":12,"column":29},"end":{"line":12,"column":null}},"type":"cond-expr","locations":[{"start":{"line":12,"column":42},"end":{"line":12,"column":null}},{"start":{"line":12,"column":42},"end":{"line":12,"column":null}}]},"3":{"loc":{"start":{"line":12,"column":29},"end":{"line":12,"column":42}},"type":"binary-expr","locations":[{"start":{"line":12,"column":29},"end":{"line":12,"column":null}},{"start":{"line":12,"column":29},"end":{"line":12,"column":42}}]}},"s":{"0":1,"1":1,"2":1,"3":1,"4":1,"5":3,"6":3,"7":0,"8":3,"9":2,"10":2,"11":1,"12":1,"13":1,"14":1},"f":{"0":3,"1":2},"b":{"0":[0,3],"1":[1,1],"2":[1,0],"3":[1,1]}}
,"C:\\Users\\jandi\\Documents\\GitHub\\bora-peticionar\\borapeticionar-backend\\borapeticionar-backend\\src\\auth\\strategies\\jwt.strategy.ts": {"path":"C:\\Users\\jandi\\Documents\\GitHub\\bora-peticionar\\borapeticionar-backend\\borapeticionar-backend\\src\\auth\\strategies\\jwt.strategy.ts","statementMap":{"0":{"start":{"line":1,"column":0},"end":{"line":1,"column":67}},"1":{"start":{"line":2,"column":0},"end":{"line":2,"column":52}},"2":{"start":{"line":3,"column":0},"end":{"line":3,"column":52}},"3":{"start":{"line":4,"column":0},"end":{"line":4,"column":47}},"4":{"start":{"line":14,"column":7},"end":{"line":33,"column":null}},"5":{"start":{"line":16,"column":19},"end":{"line":16,"column":58}},"6":{"start":{"line":17,"column":4},"end":{"line":19,"column":5}},"7":{"start":{"line":18,"column":6},"end":{"line":18,"column":52}},"8":{"start":{"line":20,"column":4},"end":{"line":24,"column":7}},"9":{"start":{"line":28,"column":4},"end":{"line":30,"column":5}},"10":{"start":{"line":29,"column":6},"end":{"line":29,"column":56}},"11":{"start":{"line":31,"column":4},"end":{"line":31,"column":73}},"12":{"start":{"line":14,"column":13},"end":{"line":14,"column":24}},"13":{"start":{"line":14,"column":13},"end":{"line":33,"column":null}}},"fnMap":{"0":{"name":"(anonymous_2)","decl":{"start":{"line":15,"column":2},"end":{"line":15,"column":14}},"loc":{"start":{"line":15,"column":42},"end":{"line":25,"column":3}}},"1":{"name":"(anonymous_3)","decl":{"start":{"line":27,"column":2},"end":{"line":27,"column":10}},"loc":{"start":{"line":27,"column":30},"end":{"line":32,"column":3}}}},"branchMap":{"0":{"loc":{"start":{"line":17,"column":4},"end":{"line":19,"column":5}},"type":"if","locations":[{"start":{"line":17,"column":4},"end":{"line":19,"column":5}},{"start":{},"end":{}}]},"1":{"loc":{"start":{"line":28,"column":4},"end":{"line":30,"column":5}},"type":"if","locations":[{"start":{"line":28,"column":4},"end":{"line":30,"column":5}},{"start":{},"end":{}}]},"2":{"loc":{"start":{"line":28,"column":8},"end":{"line":28,"column":38}},"type":"binary-expr","locations":[{"start":{"line":28,"column":8},"end":{"line":28,"column":20}},{"start":{"line":28,"column":24},"end":{"line":28,"column":38}}]},"3":{"loc":{"start":{"line":15,"column":29},"end":{"line":15,"column":null}},"type":"cond-expr","locations":[{"start":{"line":15,"column":42},"end":{"line":15,"column":null}},{"start":{"line":15,"column":42},"end":{"line":15,"column":null}}]},"4":{"loc":{"start":{"line":15,"column":29},"end":{"line":15,"column":42}},"type":"binary-expr","locations":[{"start":{"line":15,"column":29},"end":{"line":15,"column":null}},{"start":{"line":15,"column":29},"end":{"line":15,"column":42}}]}},"s":{"0":1,"1":1,"2":1,"3":1,"4":1,"5":4,"6":4,"7":0,"8":4,"9":3,"10":2,"11":1,"12":1,"13":1},"f":{"0":4,"1":3},"b":{"0":[0,4],"1":[2,1],"2":[3,2],"3":[1,0],"4":[1,1]}}
,"C:\\Users\\jandi\\Documents\\GitHub\\bora-peticionar\\borapeticionar-backend\\borapeticionar-backend\\src\\auth\\strategies\\local.strategy.ts": {"path":"C:\\Users\\jandi\\Documents\\GitHub\\bora-peticionar\\borapeticionar-backend\\borapeticionar-backend\\src\\auth\\strategies\\local.strategy.ts","statementMap":{"0":{"start":{"line":1,"column":0},"end":{"line":1,"column":67}},"1":{"start":{"line":2,"column":0},"end":{"line":2,"column":52}},"2":{"start":{"line":3,"column":0},"end":{"line":3,"column":42}},"3":{"start":{"line":4,"column":0},"end":{"line":4,"column":46}},"4":{"start":{"line":7,"column":7},"end":{"line":19,"column":null}},"5":{"start":{"line":9,"column":4},"end":{"line":9,"column":51}},"6":{"start":{"line":8,"column":31},"end":{"line":8,"column":44}},"7":{"start":{"line":13,"column":17},"end":{"line":13,"column":69}},"8":{"start":{"line":14,"column":4},"end":{"line":16,"column":5}},"9":{"start":{"line":15,"column":6},"end":{"line":15,"column":63}},"10":{"start":{"line":17,"column":4},"end":{"line":17,"column":16}},"11":{"start":{"line":7,"column":13},"end":{"line":7,"column":26}},"12":{"start":{"line":7,"column":13},"end":{"line":19,"column":null}}},"fnMap":{"0":{"name":"(anonymous_2)","decl":{"start":{"line":8,"column":2},"end":{"line":8,"column":31}},"loc":{"start":{"line":8,"column":55},"end":{"line":10,"column":3}}},"1":{"name":"(anonymous_3)","decl":{"start":{"line":12,"column":2},"end":{"line":12,"column":7}},"loc":{"start":{"line":12,"column":48},"end":{"line":18,"column":3}}}},"branchMap":{"0":{"loc":{"start":{"line":14,"column":4},"end":{"line":16,"column":5}},"type":"if","locations":[{"start":{"line":14,"column":4},"end":{"line":16,"column":5}},{"start":{},"end":{}}]},"1":{"loc":{"start":{"line":8,"column":44},"end":{"line":8,"column":null}},"type":"cond-expr","locations":[{"start":{"line":8,"column":55},"end":{"line":8,"column":null}},{"start":{"line":8,"column":55},"end":{"line":8,"column":null}}]},"2":{"loc":{"start":{"line":8,"column":44},"end":{"line":8,"column":55}},"type":"binary-expr","locations":[{"start":{"line":8,"column":44},"end":{"line":8,"column":null}},{"start":{"line":8,"column":44},"end":{"line":8,"column":55}}]}},"s":{"0":1,"1":1,"2":1,"3":1,"4":1,"5":3,"6":3,"7":2,"8":2,"9":1,"10":1,"11":1,"12":1},"f":{"0":3,"1":2},"b":{"0":[1,1],"1":[1,0],"2":[1,1]}}
,"C:\\Users\\jandi\\Documents\\GitHub\\bora-peticionar\\borapeticionar-backend\\borapeticionar-backend\\src\\common\\decorators\\current-user.decorator.ts": {"path":"C:\\Users\\jandi\\Documents\\GitHub\\bora-peticionar\\borapeticionar-backend\\borapeticionar-backend\\src\\common\\decorators\\current-user.decorator.ts","statementMap":{"0":{"start":{"line":1,"column":0},"end":{"line":1,"column":72}},"1":{"start":{"line":3,"column":13},"end":{"line":11,"column":2}},"2":{"start":{"line":5,"column":20},"end":{"line":7,"column":55}},"3":{"start":{"line":8,"column":17},"end":{"line":8,"column":29}},"4":{"start":{"line":9,"column":4},"end":{"line":9,"column":38}}},"fnMap":{"0":{"name":"(anonymous_0)","decl":{"start":{"line":4,"column":2},"end":{"line":4,"column":3}},"loc":{"start":{"line":4,"column":54},"end":{"line":10,"column":3}}}},"branchMap":{"0":{"loc":{"start":{"line":9,"column":11},"end":{"line":9,"column":37}},"type":"cond-expr","locations":[{"start":{"line":9,"column":18},"end":{"line":9,"column":30}},{"start":{"line":9,"column":33},"end":{"line":9,"column":37}}]}},"s":{"0":1,"1":1,"2":0,"3":0,"4":0},"f":{"0":0},"b":{"0":[0,0]}}
,"C:\\Users\\jandi\\Documents\\GitHub\\bora-peticionar\\borapeticionar-backend\\borapeticionar-backend\\src\\organizations\\organizations.controller.ts": {"path":"C:\\Users\\jandi\\Documents\\GitHub\\bora-peticionar\\borapeticionar-backend\\borapeticionar-backend\\src\\organizations\\organizations.controller.ts","statementMap":{"0":{"start":{"line":1,"column":0},"end":{"line":1,"column":null}},"1":{"start":{"line":13,"column":0},"end":{"line":13,"column":63}},"2":{"start":{"line":14,"column":0},"end":{"line":14,"column":70}},"3":{"start":{"line":15,"column":0},"end":{"line":15,"column":70}},"4":{"start":{"line":16,"column":0},"end":{"line":16,"column":52}},"5":{"start":{"line":17,"column":0},"end":{"line":17,"column":61}},"6":{"start":{"line":21,"column":7},"end":{"line":97,"column":null}},"7":{"start":{"line":22,"column":31},"end":{"line":22,"column":53}},"8":{"start":{"line":29,"column":4},"end":{"line":29,"column":62}},"9":{"start":{"line":34,"column":4},"end":{"line":34,"column":62}},"10":{"start":{"line":39,"column":4},"end":{"line":39,"column":72}},"11":{"start":{"line":47,"column":4},"end":{"line":47,"column":62}},"12":{"start":{"line":56,"column":4},"end":{"line":56,"column":66}},"13":{"start":{"line":64,"column":4},"end":{"line":64,"column":61}},"14":{"start":{"line":73,"column":4},"end":{"line":78,"column":6}},"15":{"start":{"line":87,"column":4},"end":{"line":87,"column":77}},"16":{"start":{"line":95,"column":4},"end":{"line":95,"column":65}},"17":{"start":{"line":21,"column":13},"end":{"line":21,"column":36}},"18":{"start":{"line":25,"column":2},"end":{"line":30,"column":null}},"19":{"start":{"line":33,"column":2},"end":{"line":35,"column":null}},"20":{"start":{"line":38,"column":2},"end":{"line":40,"column":null}},"21":{"start":{"line":43,"column":2},"end":{"line":48,"column":null}},"22":{"start":{"line":51,"column":2},"end":{"line":57,"column":null}},"23":{"start":{"line":60,"column":2},"end":{"line":65,"column":null}},"24":{"start":{"line":68,"column":2},"end":{"line":79,"column":null}},"25":{"start":{"line":82,"column":2},"end":{"line":88,"column":null}},"26":{"start":{"line":91,"column":2},"end":{"line":96,"column":null}},"27":{"start":{"line":21,"column":13},"end":{"line":97,"column":null}}},"fnMap":{"0":{"name":"(anonymous_4)","decl":{"start":{"line":22,"column":2},"end":{"line":22,"column":31}},"loc":{"start":{"line":22,"column":73},"end":{"line":22,"column":77}}},"1":{"name":"(anonymous_5)","decl":{"start":{"line":25,"column":2},"end":{"line":25,"column":8}},"loc":{"start":{"line":27,"column":38},"end":{"line":30,"column":3}}},"2":{"name":"(anonymous_6)","decl":{"start":{"line":33,"column":2},"end":{"line":33,"column":13}},"loc":{"start":{"line":33,"column":54},"end":{"line":35,"column":3}}},"3":{"name":"(anonymous_7)","decl":{"start":{"line":38,"column":2},"end":{"line":38,"column":23}},"loc":{"start":{"line":38,"column":64},"end":{"line":40,"column":3}}},"4":{"name":"(anonymous_8)","decl":{"start":{"line":43,"column":2},"end":{"line":43,"column":9}},"loc":{"start":{"line":45,"column":44},"end":{"line":48,"column":3}}},"5":{"name":"(anonymous_9)","decl":{"start":{"line":51,"column":2},"end":{"line":51,"column":8}},"loc":{"start":{"line":54,"column":38},"end":{"line":57,"column":3}}},"6":{"name":"(anonymous_10)","decl":{"start":{"line":60,"column":2},"end":{"line":60,"column":8}},"loc":{"start":{"line":62,"column":44},"end":{"line":65,"column":3}}},"7":{"name":"(anonymous_11)","decl":{"start":{"line":68,"column":2},"end":{"line":68,"column":11}},"loc":{"start":{"line":71,"column":29},"end":{"line":79,"column":3}}},"8":{"name":"(anonymous_12)","decl":{"start":{"line":82,"column":2},"end":{"line":82,"column":14}},"loc":{"start":{"line":85,"column":44},"end":{"line":88,"column":3}}},"9":{"name":"(anonymous_13)","decl":{"start":{"line":91,"column":2},"end":{"line":91,"column":12}},"loc":{"start":{"line":93,"column":44},"end":{"line":96,"column":3}}}},"branchMap":{"0":{"loc":{"start":{"line":27,"column":17},"end":{"line":27,"column":null}},"type":"cond-expr","locations":[{"start":{"line":27,"column":38},"end":{"line":27,"column":null}},{"start":{"line":27,"column":38},"end":{"line":27,"column":null}}]},"1":{"loc":{"start":{"line":27,"column":17},"end":{"line":27,"column":38}},"type":"binary-expr","locations":[{"start":{"line":27,"column":17},"end":{"line":27,"column":null}},{"start":{"line":27,"column":17},"end":{"line":27,"column":38}}]},"2":{"loc":{"start":{"line":54,"column":17},"end":{"line":54,"column":null}},"type":"cond-expr","locations":[{"start":{"line":54,"column":38},"end":{"line":54,"column":null}},{"start":{"line":54,"column":38},"end":{"line":54,"column":null}}]},"3":{"loc":{"start":{"line":54,"column":17},"end":{"line":54,"column":38}},"type":"binary-expr","locations":[{"start":{"line":54,"column":17},"end":{"line":54,"column":null}},{"start":{"line":54,"column":17},"end":{"line":54,"column":38}}]},"4":{"loc":{"start":{"line":71,"column":17},"end":{"line":71,"column":null}},"type":"cond-expr","locations":[{"start":{"line":71,"column":29},"end":{"line":71,"column":null}},{"start":{"line":71,"column":29},"end":{"line":71,"column":null}}]},"5":{"loc":{"start":{"line":71,"column":17},"end":{"line":71,"column":29}},"type":"binary-expr","locations":[{"start":{"line":71,"column":17},"end":{"line":71,"column":null}},{"start":{"line":71,"column":17},"end":{"line":71,"column":29}}]},"6":{"loc":{"start":{"line":22,"column":53},"end":{"line":22,"column":76}},"type":"cond-expr","locations":[{"start":{"line":22,"column":73},"end":{"line":22,"column":76}},{"start":{"line":22,"column":73},"end":{"line":22,"column":76}}]},"7":{"loc":{"start":{"line":22,"column":53},"end":{"line":22,"column":73}},"type":"binary-expr","locations":[{"start":{"line":22,"column":53},"end":{"line":22,"column":76}},{"start":{"line":22,"column":53},"end":{"line":22,"column":73}}]}},"s":{"0":1,"1":1,"2":1,"3":1,"4":1,"5":1,"6":1,"7":9,"8":1,"9":1,"10":1,"11":1,"12":1,"13":1,"14":1,"15":1,"16":1,"17":1,"18":1,"19":1,"20":1,"21":1,"22":1,"23":1,"24":1,"25":1,"26":1,"27":1},"f":{"0":9,"1":1,"2":1,"3":1,"4":1,"5":1,"6":1,"7":1,"8":1,"9":1},"b":{"0":[1,0],"1":[1,1],"2":[1,0],"3":[1,1],"4":[1,0],"5":[1,1],"6":[1,0],"7":[1,1]}}
,"C:\\Users\\jandi\\Documents\\GitHub\\bora-peticionar\\borapeticionar-backend\\borapeticionar-backend\\src\\organizations\\organizations.module.ts": {"path":"C:\\Users\\jandi\\Documents\\GitHub\\bora-peticionar\\borapeticionar-backend\\borapeticionar-backend\\src\\organizations\\organizations.module.ts","statementMap":{"0":{"start":{"line":1,"column":0},"end":{"line":1,"column":40}},"1":{"start":{"line":2,"column":0},"end":{"line":2,"column":63}},"2":{"start":{"line":3,"column":0},"end":{"line":3,"column":69}},"3":{"start":{"line":10,"column":7},"end":{"line":10,"column":null}},"4":{"start":{"line":10,"column":13},"end":{"line":10,"column":32}},"5":{"start":{"line":10,"column":13},"end":{"line":10,"column":null}}},"fnMap":{},"branchMap":{},"s":{"0":0,"1":0,"2":0,"3":0,"4":0,"5":0},"f":{},"b":{}}
,"C:\\Users\\jandi\\Documents\\GitHub\\bora-peticionar\\borapeticionar-backend\\borapeticionar-backend\\src\\organizations\\organizations.service.ts": {"path":"C:\\Users\\jandi\\Documents\\GitHub\\bora-peticionar\\borapeticionar-backend\\borapeticionar-backend\\src\\organizations\\organizations.service.ts","statementMap":{"0":{"start":{"line":1,"column":0},"end":{"line":1,"column":null}},"1":{"start":{"line":7,"column":0},"end":{"line":7,"column":57}},"2":{"start":{"line":12,"column":7},"end":{"line":192,"column":null}},"3":{"start":{"line":13,"column":31},"end":{"line":13,"column":39}},"4":{"start":{"line":16,"column":17},"end":{"line":19,"column":6}},"5":{"start":{"line":21,"column":4},"end":{"line":23,"column":5}},"6":{"start":{"line":22,"column":6},"end":{"line":22,"column":62}},"7":{"start":{"line":25,"column":4},"end":{"line":29,"column":5}},"8":{"start":{"line":26,"column":6},"end":{"line":28,"column":8}},"9":{"start":{"line":31,"column":25},"end":{"line":37,"column":6}},"10":{"start":{"line":39,"column":4},"end":{"line":45,"column":7}},"11":{"start":{"line":47,"column":4},"end":{"line":47,"column":24}},"12":{"start":{"line":51,"column":4},"end":{"line":54,"column":7}},"13":{"start":{"line":58,"column":4},"end":{"line":61,"column":7}},"14":{"start":{"line":65,"column":25},"end":{"line":68,"column":6}},"15":{"start":{"line":70,"column":4},"end":{"line":72,"column":5}},"16":{"start":{"line":71,"column":6},"end":{"line":71,"column":64}},"17":{"start":{"line":74,"column":21},"end":{"line":74,"column":74}},"18":{"start":{"line":74,"column":54},"end":{"line":74,"column":73}},"19":{"start":{"line":75,"column":4},"end":{"line":77,"column":5}},"20":{"start":{"line":76,"column":6},"end":{"line":76,"column":74}},"21":{"start":{"line":79,"column":4},"end":{"line":79,"column":24}},"22":{"start":{"line":83,"column":25},"end":{"line":83,"column":55}},"23":{"start":{"line":85,"column":4},"end":{"line":89,"column":5}},"24":{"start":{"line":86,"column":6},"end":{"line":88,"column":8}},"25":{"start":{"line":91,"column":4},"end":{"line":94,"column":7}},"26":{"start":{"line":98,"column":25},"end":{"line":98,"column":55}},"27":{"start":{"line":100,"column":4},"end":{"line":104,"column":5}},"28":{"start":{"line":101,"column":6},"end":{"line":103,"column":8}},"29":{"start":{"line":106,"column":4},"end":{"line":106,"column":62}},"30":{"start":{"line":115,"column":25},"end":{"line":115,"column":67}},"31":{"start":{"line":117,"column":19},"end":{"line":117,"column":72}},"32":{"start":{"line":117,"column":52},"end":{"line":117,"column":71}},"33":{"start":{"line":118,"column":4},"end":{"line":122,"column":5}},"34":{"start":{"line":119,"column":6},"end":{"line":121,"column":8}},"35":{"start":{"line":124,"column":27},"end":{"line":125,"column":null}},"36":{"start":{"line":125,"column":13},"end":{"line":125,"column":38}},"37":{"start":{"line":127,"column":4},"end":{"line":129,"column":5}},"38":{"start":{"line":128,"column":6},"end":{"line":128,"column":75}},"39":{"start":{"line":131,"column":4},"end":{"line":137,"column":7}},"40":{"start":{"line":145,"column":25},"end":{"line":145,"column":67}},"41":{"start":{"line":147,"column":19},"end":{"line":147,"column":72}},"42":{"start":{"line":147,"column":52},"end":{"line":147,"column":71}},"43":{"start":{"line":148,"column":4},"end":{"line":152,"column":5}},"44":{"start":{"line":149,"column":6},"end":{"line":151,"column":8}},"45":{"start":{"line":154,"column":25},"end":{"line":155,"column":null}},"46":{"start":{"line":155,"column":13},"end":{"line":155,"column":38}},"47":{"start":{"line":157,"column":4},"end":{"line":159,"column":5}},"48":{"start":{"line":158,"column":6},"end":{"line":158,"column":59}},"49":{"start":{"line":161,"column":4},"end":{"line":163,"column":5}},"50":{"start":{"line":162,"column":6},"end":{"line":162,"column":76}},"51":{"start":{"line":165,"column":4},"end":{"line":172,"column":7}},"52":{"start":{"line":176,"column":4},"end":{"line":176,"column":47}},"53":{"start":{"line":178,"column":4},"end":{"line":190,"column":7}},"54":{"start":{"line":12,"column":13},"end":{"line":12,"column":33}},"55":{"start":{"line":12,"column":13},"end":{"line":192,"column":null}}},"fnMap":{"0":{"name":"(anonymous_2)","decl":{"start":{"line":13,"column":2},"end":{"line":13,"column":31}},"loc":{"start":{"line":13,"column":52},"end":{"line":13,"column":56}}},"1":{"name":"(anonymous_3)","decl":{"start":{"line":15,"column":2},"end":{"line":15,"column":7}},"loc":{"start":{"line":15,"column":57},"end":{"line":48,"column":3}}},"2":{"name":"(anonymous_4)","decl":{"start":{"line":50,"column":2},"end":{"line":50,"column":7}},"loc":{"start":{"line":50,"column":34},"end":{"line":55,"column":3}}},"3":{"name":"(anonymous_5)","decl":{"start":{"line":57,"column":2},"end":{"line":57,"column":7}},"loc":{"start":{"line":57,"column":44},"end":{"line":62,"column":3}}},"4":{"name":"(anonymous_6)","decl":{"start":{"line":64,"column":2},"end":{"line":64,"column":7}},"loc":{"start":{"line":64,"column":42},"end":{"line":80,"column":3}}},"5":{"name":"(anonymous_7)","decl":{"start":{"line":74,"column":47},"end":{"line":74,"column":48}},"loc":{"start":{"line":74,"column":54},"end":{"line":74,"column":73}}},"6":{"name":"(anonymous_8)","decl":{"start":{"line":82,"column":2},"end":{"line":82,"column":7}},"loc":{"start":{"line":82,"column":69},"end":{"line":95,"column":3}}},"7":{"name":"(anonymous_9)","decl":{"start":{"line":97,"column":2},"end":{"line":97,"column":7}},"loc":{"start":{"line":97,"column":41},"end":{"line":107,"column":3}}},"8":{"name":"(anonymous_10)","decl":{"start":{"line":109,"column":2},"end":{"line":109,"column":7}},"loc":{"start":{"line":113,"column":27},"end":{"line":138,"column":3}}},"9":{"name":"(anonymous_11)","decl":{"start":{"line":117,"column":45},"end":{"line":117,"column":46}},"loc":{"start":{"line":117,"column":52},"end":{"line":117,"column":71}}},"10":{"name":"(anonymous_12)","decl":{"start":{"line":125,"column":6},"end":{"line":125,"column":7}},"loc":{"start":{"line":125,"column":13},"end":{"line":125,"column":38}}},"11":{"name":"(anonymous_13)","decl":{"start":{"line":140,"column":2},"end":{"line":140,"column":7}},"loc":{"start":{"line":143,"column":24},"end":{"line":173,"column":3}}},"12":{"name":"(anonymous_14)","decl":{"start":{"line":147,"column":45},"end":{"line":147,"column":46}},"loc":{"start":{"line":147,"column":52},"end":{"line":147,"column":71}}},"13":{"name":"(anonymous_15)","decl":{"start":{"line":155,"column":6},"end":{"line":155,"column":7}},"loc":{"start":{"line":155,"column":13},"end":{"line":155,"column":38}}},"14":{"name":"(anonymous_16)","decl":{"start":{"line":175,"column":2},"end":{"line":175,"column":7}},"loc":{"start":{"line":175,"column":57},"end":{"line":191,"column":3}}}},"branchMap":{"0":{"loc":{"start":{"line":21,"column":4},"end":{"line":23,"column":5}},"type":"if","locations":[{"start":{"line":21,"column":4},"end":{"line":23,"column":5}},{"start":{},"end":{}}]},"1":{"loc":{"start":{"line":21,"column":8},"end":{"line":21,"column":27}},"type":"binary-expr","locations":[{"start":{"line":21,"column":8},"end":{"line":21,"column":13}},{"start":{"line":21,"column":17},"end":{"line":21,"column":27}}]},"2":{"loc":{"start":{"line":25,"column":4},"end":{"line":29,"column":5}},"type":"if","locations":[{"start":{"line":25,"column":4},"end":{"line":29,"column":5}},{"start":{},"end":{}}]},"3":{"loc":{"start":{"line":35,"column":16},"end":{"line":35,"column":41}},"type":"binary-expr","locations":[{"start":{"line":35,"column":16},"end":{"line":35,"column":26}},{"start":{"line":35,"column":30},"end":{"line":35,"column":41}}]},"4":{"loc":{"start":{"line":70,"column":4},"end":{"line":72,"column":5}},"type":"if","locations":[{"start":{"line":70,"column":4},"end":{"line":72,"column":5}},{"start":{},"end":{}}]},"5":{"loc":{"start":{"line":75,"column":4},"end":{"line":77,"column":5}},"type":"if","locations":[{"start":{"line":75,"column":4},"end":{"line":77,"column":5}},{"start":{},"end":{}}]},"6":{"loc":{"start":{"line":85,"column":4},"end":{"line":89,"column":5}},"type":"if","locations":[{"start":{"line":85,"column":4},"end":{"line":89,"column":5}},{"start":{},"end":{}}]},"7":{"loc":{"start":{"line":100,"column":4},"end":{"line":104,"column":5}},"type":"if","locations":[{"start":{"line":100,"column":4},"end":{"line":104,"column":5}},{"start":{},"end":{}}]},"8":{"loc":{"start":{"line":113,"column":4},"end":{"line":113,"column":27}},"type":"default-arg","locations":[{"start":{"line":113,"column":19},"end":{"line":113,"column":27}}]},"9":{"loc":{"start":{"line":118,"column":4},"end":{"line":122,"column":5}},"type":"if","locations":[{"start":{"line":118,"column":4},"end":{"line":122,"column":5}},{"start":{},"end":{}}]},"10":{"loc":{"start":{"line":118,"column":8},"end":{"line":118,"column":60}},"type":"binary-expr","locations":[{"start":{"line":118,"column":8},"end":{"line":118,"column":15}},{"start":{"line":118,"column":19},"end":{"line":118,"column":60}}]},"11":{"loc":{"start":{"line":127,"column":4},"end":{"line":129,"column":5}},"type":"if","locations":[{"start":{"line":127,"column":4},"end":{"line":129,"column":5}},{"start":{},"end":{}}]},"12":{"loc":{"start":{"line":148,"column":4},"end":{"line":152,"column":5}},"type":"if","locations":[{"start":{"line":148,"column":4},"end":{"line":152,"column":5}},{"start":{},"end":{}}]},"13":{"loc":{"start":{"line":148,"column":8},"end":{"line":148,"column":60}},"type":"binary-expr","locations":[{"start":{"line":148,"column":8},"end":{"line":148,"column":15}},{"start":{"line":148,"column":19},"end":{"line":148,"column":60}}]},"14":{"loc":{"start":{"line":157,"column":4},"end":{"line":159,"column":5}},"type":"if","locations":[{"start":{"line":157,"column":4},"end":{"line":159,"column":5}},{"start":{},"end":{}}]},"15":{"loc":{"start":{"line":161,"column":4},"end":{"line":163,"column":5}},"type":"if","locations":[{"start":{"line":161,"column":4},"end":{"line":163,"column":5}},{"start":{},"end":{}}]},"16":{"loc":{"start":{"line":13,"column":39},"end":{"line":13,"column":55}},"type":"cond-expr","locations":[{"start":{"line":13,"column":52},"end":{"line":13,"column":55}},{"start":{"line":13,"column":52},"end":{"line":13,"column":55}}]},"17":{"loc":{"start":{"line":13,"column":39},"end":{"line":13,"column":52}},"type":"binary-expr","locations":[{"start":{"line":13,"column":39},"end":{"line":13,"column":55}},{"start":{"line":13,"column":39},"end":{"line":13,"column":52}}]}},"s":{"0":2,"1":2,"2":2,"3":11,"4":2,"5":2,"6":0,"7":2,"8":1,"9":1,"10":1,"11":1,"12":1,"13":0,"14":8,"15":8,"16":1,"17":7,"18":8,"19":7,"20":1,"21":6,"22":0,"23":0,"24":0,"25":0,"26":0,"27":0,"28":0,"29":0,"30":2,"31":2,"32":2,"33":2,"34":0,"35":2,"36":3,"37":2,"38":1,"39":1,"40":2,"41":2,"42":3,"43":2,"44":0,"45":2,"46":3,"47":2,"48":0,"49":2,"50":1,"51":1,"52":1,"53":1,"54":2,"55":2},"f":{"0":11,"1":2,"2":1,"3":0,"4":8,"5":8,"6":0,"7":0,"8":2,"9":2,"10":3,"11":2,"12":3,"13":3,"14":1},"b":{"0":[0,2],"1":[2,2],"2":[1,1],"3":[1,1],"4":[1,7],"5":[1,6],"6":[0,0],"7":[0,0],"8":[1],"9":[0,2],"10":[2,2],"11":[1,1],"12":[0,2],"13":[2,2],"14":[0,2],"15":[1,1],"16":[2,0],"17":[2,2]}}
,"C:\\Users\\jandi\\Documents\\GitHub\\bora-peticionar\\borapeticionar-backend\\borapeticionar-backend\\src\\organizations\\dto\\add-member.dto.ts": {"path":"C:\\Users\\jandi\\Documents\\GitHub\\bora-peticionar\\borapeticionar-backend\\borapeticionar-backend\\src\\organizations\\dto\\add-member.dto.ts","statementMap":{"0":{"start":{"line":1,"column":0},"end":{"line":1,"column":67}},"1":{"start":{"line":3,"column":0},"end":{"line":3,"column":13}},"2":{"start":{"line":6,"column":2},"end":{"line":6,"column":null}},"3":{"start":{"line":10,"column":2},"end":{"line":10,"column":null}}},"fnMap":{},"branchMap":{},"s":{"0":1,"1":1,"2":1,"3":1},"f":{},"b":{}}
,"C:\\Users\\jandi\\Documents\\GitHub\\bora-peticionar\\borapeticionar-backend\\borapeticionar-backend\\src\\organizations\\dto\\create-organization.dto.ts": {"path":"C:\\Users\\jandi\\Documents\\GitHub\\bora-peticionar\\borapeticionar-backend\\borapeticionar-backend\\src\\organizations\\dto\\create-organization.dto.ts","statementMap":{"0":{"start":{"line":1,"column":0},"end":{"line":1,"column":67}},"1":{"start":{"line":3,"column":0},"end":{"line":3,"column":13}},"2":{"start":{"line":6,"column":2},"end":{"line":6,"column":null}},"3":{"start":{"line":10,"column":2},"end":{"line":10,"column":null}},"4":{"start":{"line":14,"column":2},"end":{"line":14,"column":null}}},"fnMap":{},"branchMap":{},"s":{"0":1,"1":1,"2":1,"3":1,"4":1},"f":{},"b":{}}
,"C:\\Users\\jandi\\Documents\\GitHub\\bora-peticionar\\borapeticionar-backend\\borapeticionar-backend\\src\\organizations\\dto\\update-organization.dto.ts": {"path":"C:\\Users\\jandi\\Documents\\GitHub\\bora-peticionar\\borapeticionar-backend\\borapeticionar-backend\\src\\organizations\\dto\\update-organization.dto.ts","statementMap":{"0":{"start":{"line":1,"column":0},"end":{"line":1,"column":55}},"1":{"start":{"line":3,"column":0},"end":{"line":3,"column":13}},"2":{"start":{"line":6,"column":2},"end":{"line":6,"column":null}},"3":{"start":{"line":10,"column":2},"end":{"line":10,"column":null}},"4":{"start":{"line":14,"column":2},"end":{"line":14,"column":null}}},"fnMap":{},"branchMap":{},"s":{"0":1,"1":1,"2":1,"3":1,"4":1},"f":{},"b":{}}
,"C:\\Users\\jandi\\Documents\\GitHub\\bora-peticionar\\borapeticionar-backend\\borapeticionar-backend\\src\\petitions\\petitions.controller.ts": {"path":"C:\\Users\\jandi\\Documents\\GitHub\\bora-peticionar\\borapeticionar-backend\\borapeticionar-backend\\src\\petitions\\petitions.controller.ts","statementMap":{"0":{"start":{"line":1,"column":0},"end":{"line":1,"column":null}},"1":{"start":{"line":14,"column":0},"end":{"line":14,"column":55}},"2":{"start":{"line":15,"column":0},"end":{"line":15,"column":62}},"3":{"start":{"line":16,"column":0},"end":{"line":16,"column":62}},"4":{"start":{"line":17,"column":0},"end":{"line":17,"column":61}},"5":{"start":{"line":21,"column":7},"end":{"line":154,"column":null}},"6":{"start":{"line":22,"column":31},"end":{"line":22,"column":49}},"7":{"start":{"line":29,"column":4},"end":{"line":29,"column":58}},"8":{"start":{"line":37,"column":4},"end":{"line":37,"column":61}},"9":{"start":{"line":45,"column":4},"end":{"line":45,"column":64}},"10":{"start":{"line":50,"column":4},"end":{"line":50,"column":60}},"11":{"start":{"line":55,"column":4},"end":{"line":55,"column":57}},"12":{"start":{"line":60,"column":4},"end":{"line":60,"column":59}},"13":{"start":{"line":65,"column":4},"end":{"line":65,"column":57}},"14":{"start":{"line":70,"column":4},"end":{"line":70,"column":59}},"15":{"start":{"line":78,"column":4},"end":{"line":78,"column":58}},"16":{"start":{"line":87,"column":4},"end":{"line":87,"column":62}},"17":{"start":{"line":95,"column":4},"end":{"line":95,"column":58}},"18":{"start":{"line":103,"column":4},"end":{"line":103,"column":57}},"19":{"start":{"line":111,"column":4},"end":{"line":111,"column":62}},"20":{"start":{"line":119,"column":4},"end":{"line":119,"column":65}},"21":{"start":{"line":127,"column":22},"end":{"line":127,"column":75}},"22":{"start":{"line":128,"column":4},"end":{"line":132,"column":5}},"23":{"start":{"line":129,"column":6},"end":{"line":131,"column":8}},"24":{"start":{"line":133,"column":4},"end":{"line":133,"column":31}},"25":{"start":{"line":141,"column":22},"end":{"line":141,"column":76}},"26":{"start":{"line":142,"column":4},"end":{"line":146,"column":5}},"27":{"start":{"line":143,"column":6},"end":{"line":145,"column":8}},"28":{"start":{"line":147,"column":4},"end":{"line":147,"column":31}},"29":{"start":{"line":152,"column":4},"end":{"line":152,"column":65}},"30":{"start":{"line":21,"column":13},"end":{"line":21,"column":32}},"31":{"start":{"line":25,"column":2},"end":{"line":30,"column":null}},"32":{"start":{"line":33,"column":2},"end":{"line":38,"column":null}},"33":{"start":{"line":41,"column":2},"end":{"line":46,"column":null}},"34":{"start":{"line":49,"column":2},"end":{"line":51,"column":null}},"35":{"start":{"line":54,"column":2},"end":{"line":56,"column":null}},"36":{"start":{"line":59,"column":2},"end":{"line":61,"column":null}},"37":{"start":{"line":64,"column":2},"end":{"line":66,"column":null}},"38":{"start":{"line":69,"column":2},"end":{"line":71,"column":null}},"39":{"start":{"line":74,"column":2},"end":{"line":79,"column":null}},"40":{"start":{"line":82,"column":2},"end":{"line":88,"column":null}},"41":{"start":{"line":91,"column":2},"end":{"line":96,"column":null}},"42":{"start":{"line":99,"column":2},"end":{"line":104,"column":null}},"43":{"start":{"line":107,"column":2},"end":{"line":112,"column":null}},"44":{"start":{"line":115,"column":2},"end":{"line":120,"column":null}},"45":{"start":{"line":123,"column":8},"end":{"line":134,"column":null}},"46":{"start":{"line":137,"column":8},"end":{"line":148,"column":null}},"47":{"start":{"line":151,"column":2},"end":{"line":153,"column":null}},"48":{"start":{"line":21,"column":13},"end":{"line":154,"column":null}}},"fnMap":{"0":{"name":"(anonymous_4)","decl":{"start":{"line":22,"column":2},"end":{"line":22,"column":31}},"loc":{"start":{"line":22,"column":65},"end":{"line":22,"column":69}}},"1":{"name":"(anonymous_5)","decl":{"start":{"line":25,"column":2},"end":{"line":25,"column":8}},"loc":{"start":{"line":27,"column":34},"end":{"line":30,"column":3}}},"2":{"name":"(anonymous_6)","decl":{"start":{"line":33,"column":2},"end":{"line":33,"column":11}},"loc":{"start":{"line":35,"column":34},"end":{"line":38,"column":3}}},"3":{"name":"(anonymous_7)","decl":{"start":{"line":41,"column":2},"end":{"line":41,"column":15}},"loc":{"start":{"line":43,"column":44},"end":{"line":46,"column":3}}},"4":{"name":"(anonymous_8)","decl":{"start":{"line":49,"column":2},"end":{"line":49,"column":9}},"loc":{"start":{"line":49,"column":50},"end":{"line":51,"column":3}}},"5":{"name":"(anonymous_9)","decl":{"start":{"line":54,"column":2},"end":{"line":54,"column":12}},"loc":{"start":{"line":54,"column":53},"end":{"line":56,"column":3}}},"6":{"name":"(anonymous_10)","decl":{"start":{"line":59,"column":2},"end":{"line":59,"column":14}},"loc":{"start":{"line":59,"column":55},"end":{"line":61,"column":3}}},"7":{"name":"(anonymous_11)","decl":{"start":{"line":64,"column":2},"end":{"line":64,"column":12}},"loc":{"start":{"line":64,"column":53},"end":{"line":66,"column":3}}},"8":{"name":"(anonymous_12)","decl":{"start":{"line":69,"column":2},"end":{"line":69,"column":14}},"loc":{"start":{"line":69,"column":55},"end":{"line":71,"column":3}}},"9":{"name":"(anonymous_13)","decl":{"start":{"line":74,"column":2},"end":{"line":74,"column":9}},"loc":{"start":{"line":76,"column":44},"end":{"line":79,"column":3}}},"10":{"name":"(anonymous_14)","decl":{"start":{"line":82,"column":2},"end":{"line":82,"column":8}},"loc":{"start":{"line":85,"column":34},"end":{"line":88,"column":3}}},"11":{"name":"(anonymous_15)","decl":{"start":{"line":91,"column":2},"end":{"line":91,"column":9}},"loc":{"start":{"line":93,"column":44},"end":{"line":96,"column":3}}},"12":{"name":"(anonymous_16)","decl":{"start":{"line":99,"column":2},"end":{"line":99,"column":8}},"loc":{"start":{"line":101,"column":44},"end":{"line":104,"column":3}}},"13":{"name":"(anonymous_17)","decl":{"start":{"line":107,"column":2},"end":{"line":107,"column":13}},"loc":{"start":{"line":109,"column":44},"end":{"line":112,"column":3}}},"14":{"name":"(anonymous_18)","decl":{"start":{"line":115,"column":2},"end":{"line":115,"column":16}},"loc":{"start":{"line":117,"column":44},"end":{"line":120,"column":3}}},"15":{"name":"(anonymous_19)","decl":{"start":{"line":123,"column":8},"end":{"line":123,"column":17}},"loc":{"start":{"line":125,"column":44},"end":{"line":134,"column":3}}},"16":{"name":"(anonymous_20)","decl":{"start":{"line":137,"column":8},"end":{"line":137,"column":21}},"loc":{"start":{"line":139,"column":44},"end":{"line":148,"column":3}}},"17":{"name":"(anonymous_21)","decl":{"start":{"line":151,"column":2},"end":{"line":151,"column":16}},"loc":{"start":{"line":151,"column":57},"end":{"line":153,"column":3}}}},"branchMap":{"0":{"loc":{"start":{"line":128,"column":4},"end":{"line":132,"column":5}},"type":"if","locations":[{"start":{"line":128,"column":4},"end":{"line":132,"column":5}},{"start":{},"end":{}}]},"1":{"loc":{"start":{"line":142,"column":4},"end":{"line":146,"column":5}},"type":"if","locations":[{"start":{"line":142,"column":4},"end":{"line":146,"column":5}},{"start":{},"end":{}}]},"2":{"loc":{"start":{"line":27,"column":17},"end":{"line":27,"column":null}},"type":"cond-expr","locations":[{"start":{"line":27,"column":34},"end":{"line":27,"column":null}},{"start":{"line":27,"column":34},"end":{"line":27,"column":null}}]},"3":{"loc":{"start":{"line":27,"column":17},"end":{"line":27,"column":34}},"type":"binary-expr","locations":[{"start":{"line":27,"column":17},"end":{"line":27,"column":null}},{"start":{"line":27,"column":17},"end":{"line":27,"column":34}}]},"4":{"loc":{"start":{"line":35,"column":17},"end":{"line":35,"column":null}},"type":"cond-expr","locations":[{"start":{"line":35,"column":34},"end":{"line":35,"column":null}},{"start":{"line":35,"column":34},"end":{"line":35,"column":null}}]},"5":{"loc":{"start":{"line":35,"column":17},"end":{"line":35,"column":34}},"type":"binary-expr","locations":[{"start":{"line":35,"column":17},"end":{"line":35,"column":null}},{"start":{"line":35,"column":17},"end":{"line":35,"column":34}}]},"6":{"loc":{"start":{"line":85,"column":17},"end":{"line":85,"column":null}},"type":"cond-expr","locations":[{"start":{"line":85,"column":34},"end":{"line":85,"column":null}},{"start":{"line":85,"column":34},"end":{"line":85,"column":null}}]},"7":{"loc":{"start":{"line":85,"column":17},"end":{"line":85,"column":34}},"type":"binary-expr","locations":[{"start":{"line":85,"column":17},"end":{"line":85,"column":null}},{"start":{"line":85,"column":17},"end":{"line":85,"column":34}}]},"8":{"loc":{"start":{"line":22,"column":49},"end":{"line":22,"column":68}},"type":"cond-expr","locations":[{"start":{"line":22,"column":65},"end":{"line":22,"column":68}},{"start":{"line":22,"column":65},"end":{"line":22,"column":68}}]},"9":{"loc":{"start":{"line":22,"column":49},"end":{"line":22,"column":65}},"type":"binary-expr","locations":[{"start":{"line":22,"column":49},"end":{"line":22,"column":68}},{"start":{"line":22,"column":49},"end":{"line":22,"column":65}}]}},"s":{"0":1,"1":1,"2":1,"3":1,"4":1,"5":1,"6":9,"7":1,"8":1,"9":1,"10":1,"11":0,"12":0,"13":0,"14":0,"15":1,"16":0,"17":1,"18":0,"19":1,"20":1,"21":0,"22":0,"23":0,"24":0,"25":0,"26":0,"27":0,"28":0,"29":1,"30":1,"31":1,"32":1,"33":1,"34":1,"35":1,"36":1,"37":1,"38":1,"39":1,"40":1,"41":1,"42":1,"43":1,"44":1,"45":1,"46":1,"47":1,"48":1},"f":{"0":9,"1":1,"2":1,"3":1,"4":1,"5":0,"6":0,"7":0,"8":0,"9":1,"10":0,"11":1,"12":0,"13":1,"14":1,"15":0,"16":0,"17":1},"b":{"0":[0,0],"1":[0,0],"2":[1,0],"3":[1,1],"4":[1,0],"5":[1,1],"6":[1,0],"7":[1,1],"8":[1,0],"9":[1,1]}}
,"C:\\Users\\jandi\\Documents\\GitHub\\bora-peticionar\\borapeticionar-backend\\borapeticionar-backend\\src\\petitions\\petitions.module.ts": {"path":"C:\\Users\\jandi\\Documents\\GitHub\\bora-peticionar\\borapeticionar-backend\\borapeticionar-backend\\src\\petitions\\petitions.module.ts","statementMap":{"0":{"start":{"line":1,"column":0},"end":{"line":1,"column":40}},"1":{"start":{"line":2,"column":0},"end":{"line":2,"column":55}},"2":{"start":{"line":3,"column":0},"end":{"line":3,"column":61}},"3":{"start":{"line":10,"column":7},"end":{"line":10,"column":null}},"4":{"start":{"line":10,"column":13},"end":{"line":10,"column":28}},"5":{"start":{"line":10,"column":13},"end":{"line":10,"column":null}}},"fnMap":{},"branchMap":{},"s":{"0":0,"1":0,"2":0,"3":0,"4":0,"5":0},"f":{},"b":{}}
,"C:\\Users\\jandi\\Documents\\GitHub\\bora-peticionar\\borapeticionar-backend\\borapeticionar-backend\\src\\petitions\\petitions.service.ts": {"path":"C:\\Users\\jandi\\Documents\\GitHub\\bora-peticionar\\borapeticionar-backend\\borapeticionar-backend\\src\\petitions\\petitions.service.ts","statementMap":{"0":{"start":{"line":1,"column":0},"end":{"line":1,"column":null}},"1":{"start":{"line":7,"column":0},"end":{"line":7,"column":57}},"2":{"start":{"line":10,"column":0},"end":{"line":10,"column":66}},"3":{"start":{"line":13,"column":7},"end":{"line":326,"column":null}},"4":{"start":{"line":14,"column":31},"end":{"line":14,"column":39}},"5":{"start":{"line":17,"column":4},"end":{"line":17,"column":42}},"6":{"start":{"line":18,"column":4},"end":{"line":18,"column":59}},"7":{"start":{"line":20,"column":21},"end":{"line":26,"column":6}},"8":{"start":{"line":28,"column":4},"end":{"line":28,"column":38}},"9":{"start":{"line":30,"column":4},"end":{"line":30,"column":20}},"10":{"start":{"line":34,"column":4},"end":{"line":40,"column":7}},"11":{"start":{"line":44,"column":21},"end":{"line":44,"column":51}},"12":{"start":{"line":46,"column":4},"end":{"line":48,"column":5}},"13":{"start":{"line":47,"column":6},"end":{"line":47,"column":75}},"14":{"start":{"line":50,"column":4},"end":{"line":50,"column":42}},"15":{"start":{"line":51,"column":4},"end":{"line":51,"column":77}},"16":{"start":{"line":53,"column":27},"end":{"line":59,"column":6}},"17":{"start":{"line":61,"column":4},"end":{"line":67,"column":5}},"18":{"start":{"line":62,"column":6},"end":{"line":66,"column":7}},"19":{"start":{"line":63,"column":8},"end":{"line":65,"column":10}},"20":{"start":{"line":69,"column":20},"end":{"line":72,"column":6}},"21":{"start":{"line":74,"column":4},"end":{"line":74,"column":38}},"22":{"start":{"line":76,"column":4},"end":{"line":76,"column":19}},"23":{"start":{"line":80,"column":4},"end":{"line":83,"column":7}},"24":{"start":{"line":87,"column":4},"end":{"line":90,"column":7}},"25":{"start":{"line":94,"column":4},"end":{"line":97,"column":7}},"26":{"start":{"line":101,"column":4},"end":{"line":104,"column":7}},"27":{"start":{"line":108,"column":21},"end":{"line":110,"column":6}},"28":{"start":{"line":111,"column":4},"end":{"line":113,"column":5}},"29":{"start":{"line":112,"column":6},"end":{"line":112,"column":60}},"30":{"start":{"line":114,"column":4},"end":{"line":116,"column":5}},"31":{"start":{"line":115,"column":6},"end":{"line":115,"column":67}},"32":{"start":{"line":117,"column":4},"end":{"line":117,"column":20}},"33":{"start":{"line":121,"column":4},"end":{"line":121,"column":35}},"34":{"start":{"line":122,"column":4},"end":{"line":125,"column":7}},"35":{"start":{"line":129,"column":4},"end":{"line":129,"column":35}},"36":{"start":{"line":130,"column":4},"end":{"line":133,"column":7}},"37":{"start":{"line":137,"column":4},"end":{"line":137,"column":35}},"38":{"start":{"line":138,"column":4},"end":{"line":138,"column":58}},"39":{"start":{"line":142,"column":4},"end":{"line":142,"column":43}},"40":{"start":{"line":144,"column":21},"end":{"line":146,"column":6}},"41":{"start":{"line":147,"column":4},"end":{"line":149,"column":5}},"42":{"start":{"line":148,"column":6},"end":{"line":148,"column":66}},"43":{"start":{"line":151,"column":4},"end":{"line":153,"column":7}},"44":{"start":{"line":157,"column":21},"end":{"line":159,"column":6}},"45":{"start":{"line":160,"column":4},"end":{"line":162,"column":5}},"46":{"start":{"line":161,"column":6},"end":{"line":161,"column":61}},"47":{"start":{"line":164,"column":4},"end":{"line":166,"column":7}},"48":{"start":{"line":170,"column":4},"end":{"line":174,"column":7}},"49":{"start":{"line":178,"column":17},"end":{"line":181,"column":6}},"50":{"start":{"line":182,"column":4},"end":{"line":182,"column":42}},"51":{"start":{"line":182,"column":29},"end":{"line":182,"column":42}},"52":{"start":{"line":183,"column":4},"end":{"line":183,"column":34}},"53":{"start":{"line":187,"column":17},"end":{"line":190,"column":6}},"54":{"start":{"line":191,"column":4},"end":{"line":191,"column":42}},"55":{"start":{"line":191,"column":29},"end":{"line":191,"column":42}},"56":{"start":{"line":192,"column":4},"end":{"line":192,"column":35}},"57":{"start":{"line":196,"column":17},"end":{"line":199,"column":6}},"58":{"start":{"line":201,"column":4},"end":{"line":203,"column":5}},"59":{"start":{"line":202,"column":6},"end":{"line":202,"column":61}},"60":{"start":{"line":205,"column":16},"end":{"line":205,"column":26}},"61":{"start":{"line":206,"column":18},"end":{"line":214,"column":6}},"62":{"start":{"line":216,"column":25},"end":{"line":216,"column":42}},"63":{"start":{"line":218,"column":6},"end":{"line":220,"column":14}},"64":{"start":{"line":222,"column":4},"end":{"line":247,"column":6}},"65":{"start":{"line":251,"column":4},"end":{"line":251,"column":30}},"66":{"start":{"line":251,"column":23},"end":{"line":251,"column":30}},"67":{"start":{"line":253,"column":17},"end":{"line":256,"column":6}},"68":{"start":{"line":258,"column":4},"end":{"line":260,"column":5}},"69":{"start":{"line":259,"column":6},"end":{"line":259,"column":62}},"70":{"start":{"line":262,"column":4},"end":{"line":269,"column":5}},"71":{"start":{"line":266,"column":6},"end":{"line":268,"column":8}},"72":{"start":{"line":273,"column":17},"end":{"line":276,"column":6}},"73":{"start":{"line":278,"column":4},"end":{"line":280,"column":5}},"74":{"start":{"line":279,"column":6},"end":{"line":279,"column":62}},"75":{"start":{"line":282,"column":4},"end":{"line":284,"column":5}},"76":{"start":{"line":283,"column":6},"end":{"line":283,"column":13}},"77":{"start":{"line":286,"column":16},"end":{"line":286,"column":26}},"78":{"start":{"line":287,"column":18},"end":{"line":295,"column":6}},"79":{"start":{"line":297,"column":25},"end":{"line":297,"column":42}},"80":{"start":{"line":299,"column":4},"end":{"line":303,"column":5}},"81":{"start":{"line":300,"column":6},"end":{"line":302,"column":8}},"82":{"start":{"line":307,"column":16},"end":{"line":307,"column":26}},"83":{"start":{"line":308,"column":17},"end":{"line":308,"column":34}},"84":{"start":{"line":309,"column":18},"end":{"line":309,"column":36}},"85":{"start":{"line":311,"column":21},"end":{"line":313,"column":6}},"86":{"start":{"line":315,"column":4},"end":{"line":324,"column":5}},"87":{"start":{"line":316,"column":6},"end":{"line":319,"column":9}},"88":{"start":{"line":321,"column":6},"end":{"line":323,"column":9}},"89":{"start":{"line":13,"column":13},"end":{"line":13,"column":29}},"90":{"start":{"line":13,"column":13},"end":{"line":326,"column":null}}},"fnMap":{"0":{"name":"(anonymous_2)","decl":{"start":{"line":14,"column":2},"end":{"line":14,"column":31}},"loc":{"start":{"line":14,"column":52},"end":{"line":14,"column":56}}},"1":{"name":"(anonymous_3)","decl":{"start":{"line":16,"column":2},"end":{"line":16,"column":7}},"loc":{"start":{"line":16,"column":53},"end":{"line":31,"column":3}}},"2":{"name":"(anonymous_4)","decl":{"start":{"line":33,"column":2},"end":{"line":33,"column":7}},"loc":{"start":{"line":33,"column":56},"end":{"line":41,"column":3}}},"3":{"name":"(anonymous_5)","decl":{"start":{"line":43,"column":2},"end":{"line":43,"column":7}},"loc":{"start":{"line":43,"column":48},"end":{"line":77,"column":3}}},"4":{"name":"(anonymous_6)","decl":{"start":{"line":79,"column":2},"end":{"line":79,"column":7}},"loc":{"start":{"line":79,"column":36},"end":{"line":84,"column":3}}},"5":{"name":"(anonymous_7)","decl":{"start":{"line":86,"column":2},"end":{"line":86,"column":7}},"loc":{"start":{"line":86,"column":33},"end":{"line":91,"column":3}}},"6":{"name":"(anonymous_8)","decl":{"start":{"line":93,"column":2},"end":{"line":93,"column":7}},"loc":{"start":{"line":93,"column":35},"end":{"line":98,"column":3}}},"7":{"name":"(anonymous_9)","decl":{"start":{"line":100,"column":2},"end":{"line":100,"column":7}},"loc":{"start":{"line":100,"column":33},"end":{"line":105,"column":3}}},"8":{"name":"(anonymous_10)","decl":{"start":{"line":107,"column":2},"end":{"line":107,"column":7}},"loc":{"start":{"line":107,"column":42},"end":{"line":118,"column":3}}},"9":{"name":"(anonymous_11)","decl":{"start":{"line":120,"column":2},"end":{"line":120,"column":7}},"loc":{"start":{"line":120,"column":65},"end":{"line":126,"column":3}}},"10":{"name":"(anonymous_12)","decl":{"start":{"line":128,"column":2},"end":{"line":128,"column":7}},"loc":{"start":{"line":128,"column":42},"end":{"line":134,"column":3}}},"11":{"name":"(anonymous_13)","decl":{"start":{"line":136,"column":2},"end":{"line":136,"column":7}},"loc":{"start":{"line":136,"column":41},"end":{"line":139,"column":3}}},"12":{"name":"(anonymous_14)","decl":{"start":{"line":141,"column":2},"end":{"line":141,"column":7}},"loc":{"start":{"line":141,"column":54},"end":{"line":154,"column":3}}},"13":{"name":"(anonymous_15)","decl":{"start":{"line":156,"column":2},"end":{"line":156,"column":7}},"loc":{"start":{"line":156,"column":57},"end":{"line":167,"column":3}}},"14":{"name":"(anonymous_16)","decl":{"start":{"line":169,"column":2},"end":{"line":169,"column":7}},"loc":{"start":{"line":169,"column":35},"end":{"line":175,"column":3}}},"15":{"name":"(anonymous_17)","decl":{"start":{"line":177,"column":2},"end":{"line":177,"column":7}},"loc":{"start":{"line":177,"column":35},"end":{"line":184,"column":3}}},"16":{"name":"(anonymous_18)","decl":{"start":{"line":186,"column":2},"end":{"line":186,"column":7}},"loc":{"start":{"line":186,"column":36},"end":{"line":193,"column":3}}},"17":{"name":"(anonymous_19)","decl":{"start":{"line":195,"column":2},"end":{"line":195,"column":7}},"loc":{"start":{"line":195,"column":41},"end":{"line":248,"column":3}}},"18":{"name":"(anonymous_20)","decl":{"start":{"line":250,"column":10},"end":{"line":250,"column":15}},"loc":{"start":{"line":250,"column":71},"end":{"line":270,"column":3}}},"19":{"name":"(anonymous_21)","decl":{"start":{"line":272,"column":10},"end":{"line":272,"column":15}},"loc":{"start":{"line":272,"column":49},"end":{"line":304,"column":3}}},"20":{"name":"(anonymous_22)","decl":{"start":{"line":306,"column":10},"end":{"line":306,"column":15}},"loc":{"start":{"line":306,"column":45},"end":{"line":325,"column":3}}}},"branchMap":{"0":{"loc":{"start":{"line":46,"column":4},"end":{"line":48,"column":5}},"type":"if","locations":[{"start":{"line":46,"column":4},"end":{"line":48,"column":5}},{"start":{},"end":{}}]},"1":{"loc":{"start":{"line":51,"column":41},"end":{"line":51,"column":75}},"type":"binary-expr","locations":[{"start":{"line":51,"column":41},"end":{"line":51,"column":62}},{"start":{"line":51,"column":66},"end":{"line":51,"column":75}}]},"2":{"loc":{"start":{"line":62,"column":6},"end":{"line":66,"column":7}},"type":"if","locations":[{"start":{"line":62,"column":6},"end":{"line":66,"column":7}},{"start":{},"end":{}}]},"3":{"loc":{"start":{"line":111,"column":4},"end":{"line":113,"column":5}},"type":"if","locations":[{"start":{"line":111,"column":4},"end":{"line":113,"column":5}},{"start":{},"end":{}}]},"4":{"loc":{"start":{"line":114,"column":4},"end":{"line":116,"column":5}},"type":"if","locations":[{"start":{"line":114,"column":4},"end":{"line":116,"column":5}},{"start":{},"end":{}}]},"5":{"loc":{"start":{"line":147,"column":4},"end":{"line":149,"column":5}},"type":"if","locations":[{"start":{"line":147,"column":4},"end":{"line":149,"column":5}},{"start":{},"end":{}}]},"6":{"loc":{"start":{"line":160,"column":4},"end":{"line":162,"column":5}},"type":"if","locations":[{"start":{"line":160,"column":4},"end":{"line":162,"column":5}},{"start":{},"end":{}}]},"7":{"loc":{"start":{"line":182,"column":4},"end":{"line":182,"column":42}},"type":"if","locations":[{"start":{"line":182,"column":4},"end":{"line":182,"column":42}},{"start":{},"end":{}}]},"8":{"loc":{"start":{"line":182,"column":8},"end":{"line":182,"column":27}},"type":"binary-expr","locations":[{"start":{"line":182,"column":8},"end":{"line":182,"column":13}},{"start":{"line":182,"column":17},"end":{"line":182,"column":27}}]},"9":{"loc":{"start":{"line":191,"column":4},"end":{"line":191,"column":42}},"type":"if","locations":[{"start":{"line":191,"column":4},"end":{"line":191,"column":42}},{"start":{},"end":{}}]},"10":{"loc":{"start":{"line":191,"column":8},"end":{"line":191,"column":27}},"type":"binary-expr","locations":[{"start":{"line":191,"column":8},"end":{"line":191,"column":13}},{"start":{"line":191,"column":17},"end":{"line":191,"column":27}}]},"11":{"loc":{"start":{"line":201,"column":4},"end":{"line":203,"column":5}},"type":"if","locations":[{"start":{"line":201,"column":4},"end":{"line":203,"column":5}},{"start":{},"end":{}}]},"12":{"loc":{"start":{"line":201,"column":8},"end":{"line":201,"column":27}},"type":"binary-expr","locations":[{"start":{"line":201,"column":8},"end":{"line":201,"column":13}},{"start":{"line":201,"column":17},"end":{"line":201,"column":27}}]},"13":{"loc":{"start":{"line":216,"column":25},"end":{"line":216,"column":42}},"type":"binary-expr","locations":[{"start":{"line":216,"column":25},"end":{"line":216,"column":37}},{"start":{"line":216,"column":41},"end":{"line":216,"column":42}}]},"14":{"loc":{"start":{"line":218,"column":6},"end":{"line":220,"column":14}},"type":"cond-expr","locations":[{"start":{"line":219,"column":10},"end":{"line":219,"column":60}},{"start":{"line":220,"column":10},"end":{"line":220,"column":14}}]},"15":{"loc":{"start":{"line":229,"column":10},"end":{"line":230,"column":47}},"type":"binary-expr","locations":[{"start":{"line":229,"column":10},"end":{"line":229,"column":41}},{"start":{"line":230,"column":10},"end":{"line":230,"column":47}}]},"16":{"loc":{"start":{"line":251,"column":4},"end":{"line":251,"column":30}},"type":"if","locations":[{"start":{"line":251,"column":4},"end":{"line":251,"column":30}},{"start":{},"end":{}}]},"17":{"loc":{"start":{"line":258,"column":4},"end":{"line":260,"column":5}},"type":"if","locations":[{"start":{"line":258,"column":4},"end":{"line":260,"column":5}},{"start":{},"end":{}}]},"18":{"loc":{"start":{"line":258,"column":8},"end":{"line":258,"column":27}},"type":"binary-expr","locations":[{"start":{"line":258,"column":8},"end":{"line":258,"column":13}},{"start":{"line":258,"column":17},"end":{"line":258,"column":27}}]},"19":{"loc":{"start":{"line":262,"column":4},"end":{"line":269,"column":5}},"type":"if","locations":[{"start":{"line":262,"column":4},"end":{"line":269,"column":5}},{"start":{},"end":{}}]},"20":{"loc":{"start":{"line":263,"column":6},"end":{"line":264,"column":53}},"type":"binary-expr","locations":[{"start":{"line":263,"column":6},"end":{"line":263,"column":40}},{"start":{"line":264,"column":6},"end":{"line":264,"column":53}}]},"21":{"loc":{"start":{"line":278,"column":4},"end":{"line":280,"column":5}},"type":"if","locations":[{"start":{"line":278,"column":4},"end":{"line":280,"column":5}},{"start":{},"end":{}}]},"22":{"loc":{"start":{"line":278,"column":8},"end":{"line":278,"column":27}},"type":"binary-expr","locations":[{"start":{"line":278,"column":8},"end":{"line":278,"column":13}},{"start":{"line":278,"column":17},"end":{"line":278,"column":27}}]},"23":{"loc":{"start":{"line":282,"column":4},"end":{"line":284,"column":5}},"type":"if","locations":[{"start":{"line":282,"column":4},"end":{"line":284,"column":5}},{"start":{},"end":{}}]},"24":{"loc":{"start":{"line":297,"column":25},"end":{"line":297,"column":42}},"type":"binary-expr","locations":[{"start":{"line":297,"column":25},"end":{"line":297,"column":37}},{"start":{"line":297,"column":41},"end":{"line":297,"column":42}}]},"25":{"loc":{"start":{"line":299,"column":4},"end":{"line":303,"column":5}},"type":"if","locations":[{"start":{"line":299,"column":4},"end":{"line":303,"column":5}},{"start":{},"end":{}}]},"26":{"loc":{"start":{"line":315,"column":4},"end":{"line":324,"column":5}},"type":"if","locations":[{"start":{"line":315,"column":4},"end":{"line":324,"column":5}},{"start":{"line":320,"column":11},"end":{"line":324,"column":5}}]},"27":{"loc":{"start":{"line":14,"column":39},"end":{"line":14,"column":55}},"type":"cond-expr","locations":[{"start":{"line":14,"column":52},"end":{"line":14,"column":55}},{"start":{"line":14,"column":52},"end":{"line":14,"column":55}}]},"28":{"loc":{"start":{"line":14,"column":39},"end":{"line":14,"column":52}},"type":"binary-expr","locations":[{"start":{"li
[...]
},"8":{"start":{"line":41,"column":21},"end":{"line":43,"column":6}},"9":{"start":{"line":44,"column":4},"end":{"line":46,"column":5}},"10":{"start":{"line":45,"column":6},"end":{"line":45,"column":61}},"11":{"start":{"line":47,"column":4},"end":{"line":47,"column":20}},"12":{"start":{"line":51,"column":4},"end":{"line":51,"column":27}},"13":{"start":{"line":52,"column":4},"end":{"line":52,"column":77}},"14":{"start":{"line":56,"column":4},"end":{"line":56,"column":27}},"15":{"start":{"line":57,"column":4},"end":{"line":57,"column":66}},"16":{"start":{"line":61,"column":17},"end":{"line":64,"column":6}},"17":{"start":{"line":66,"column":4},"end":{"line":68,"column":5}},"18":{"start":{"line":67,"column":6},"end":{"line":67,"column":62}},"19":{"start":{"line":70,"column":4},"end":{"line":75,"column":5}},"20":{"start":{"line":71,"column":6},"end":{"line":74,"column":9}},"21":{"start":{"line":77,"column":4},"end":{"line":82,"column":7}},"22":{"start":{"line":11,"column":13},"end":{"line":11,"column":29}},"23":{"start":{"line":11,"column":13},"end":{"line":84,"column":null}}},"fnMap":{"0":{"name":"(anonymous_2)","decl":{"start":{"line":12,"column":2},"end":{"line":12,"column":31}},"loc":{"start":{"line":12,"column":52},"end":{"line":12,"column":56}}},"1":{"name":"(anonymous_3)","decl":{"start":{"line":14,"column":2},"end":{"line":14,"column":7}},"loc":{"start":{"line":14,"column":37},"end":{"line":16,"column":3}}},"2":{"name":"(anonymous_4)","decl":{"start":{"line":18,"column":2},"end":{"line":18,"column":7}},"loc":{"start":{"line":18,"column":15},"end":{"line":22,"column":3}}},"3":{"name":"(anonymous_5)","decl":{"start":{"line":24,"column":2},"end":{"line":24,"column":7}},"loc":{"start":{"line":24,"column":18},"end":{"line":29,"column":3}}},"4":{"name":"(anonymous_6)","decl":{"start":{"line":31,"column":2},"end":{"line":31,"column":7}},"loc":{"start":{"line":31,"column":33},"end":{"line":38,"column":3}}},"5":{"name":"(anonymous_7)","decl":{"start":{"line":40,"column":2},"end":{"line":40,"column":7}},"loc":{"start":{"line":40,"column":26},"end":{"line":48,"column":3}}},"6":{"name":"(anonymous_8)","decl":{"start":{"line":50,"column":2},"end":{"line":50,"column":7}},"loc":{"start":{"line":50,"column":49},"end":{"line":53,"column":3}}},"7":{"name":"(anonymous_9)","decl":{"start":{"line":55,"column":2},"end":{"line":55,"column":7}},"loc":{"start":{"line":55,"column":25},"end":{"line":58,"column":3}}},"8":{"name":"(anonymous_10)","decl":{"start":{"line":60,"column":2},"end":{"line":60,"column":7}},"loc":{"start":{"line":60,"column":42},"end":{"line":83,"column":3}}}},"branchMap":{"0":{"loc":{"start":{"line":44,"column":4},"end":{"line":46,"column":5}},"type":"if","locations":[{"start":{"line":44,"column":4},"end":{"line":46,"column":5}},{"start":{},"end":{}}]},"1":{"loc":{"start":{"line":66,"column":4},"end":{"line":68,"column":5}},"type":"if","locations":[{"start":{"line":66,"column":4},"end":{"line":68,"column":5}},{"start":{},"end":{}}]},"2":{"loc":{"start":{"line":66,"column":8},"end":{"line":66,"column":27}},"type":"binary-expr","locations":[{"start":{"line":66,"column":8},"end":{"line":66,"column":13}},{"start":{"line":66,"column":17},"end":{"line":66,"column":27}}]},"3":{"loc":{"start":{"line":70,"column":4},"end":{"line":75,"column":5}},"type":"if","locations":[{"start":{"line":70,"column":4},"end":{"line":75,"column":5}},{"start":{},"end":{}}]},"4":{"loc":{"start":{"line":70,"column":8},"end":{"line":70,"column":70}},"type":"binary-expr","locations":[{"start":{"line":70,"column":8},"end":{"line":70,"column":37}},{"start":{"line":70,"column":41},"end":{"line":70,"column":70}}]},"5":{"loc":{"start":{"line":12,"column":39},"end":{"line":12,"column":55}},"type":"cond-expr","locations":[{"start":{"line":12,"column":52},"end":{"line":12,"column":55}},{"start":{"line":12,"column":52},"end":{"line":12,"column":55}}]},"6":{"loc":{"start":{"line":12,"column":39},"end":{"line":12,"column":52}},"type":"binary-expr","locations":[{"start":{"line":12,"column":39},"end":{"line":12,"column":55}},{"start":{"line":12,"column":39},"end":{"line":12,"column":52}}]}},"s":{"0":2,"1":2,"2":2,"3":9,"4":1,"5":1,"6":1,"7":0,"8":4,"9":4,"10":1,"11":3,"12":1,"13":1,"14":1,"15":1,"16":2,"17":2,"18":1,"19":1,"20":0,"21":1,"22":2,"23":2},"f":{"0":9,"1":1,"2":1,"3":1,"4":0,"5":4,"6":1,"7":1,"8":2},"b":{"0":[1,3],"1":[1,1],"2":[2,2],"3":[0,1],"4":[1,0],"5":[2,0],"6":[2,2]}}
,"C:\\Users\\jandi\\Documents\\GitHub\\bora-peticionar\\borapeticionar-backend\\borapeticionar-backend\\src\\templates\\dto\\create-template.dto.ts": {"path":"C:\\Users\\jandi\\Documents\\GitHub\\bora-peticionar\\borapeticionar-backend\\borapeticionar-backend\\src\\templates\\dto\\create-template.dto.ts","statementMap":{"0":{"start":{"line":1,"column":0},"end":{"line":1,"column":78}},"1":{"start":{"line":3,"column":0},"end":{"line":3,"column":13}},"2":{"start":{"line":6,"column":2},"end":{"line":6,"column":null}},"3":{"start":{"line":10,"column":2},"end":{"line":10,"column":null}},"4":{"start":{"line":14,"column":2},"end":{"line":14,"column":null}},"5":{"start":{"line":18,"column":2},"end":{"line":18,"column":null}},"6":{"start":{"line":22,"column":2},"end":{"line":22,"column":null}},"7":{"start":{"line":26,"column":2},"end":{"line":26,"column":null}}},"fnMap":{},"branchMap":{},"s":{"0":1,"1":1,"2":1,"3":1,"4":1,"5":1,"6":1,"7":1},"f":{},"b":{}}
,"C:\\Users\\jandi\\Documents\\GitHub\\bora-peticionar\\borapeticionar-backend\\borapeticionar-backend\\src\\templates\\dto\\update-template.dto.ts": {"path":"C:\\Users\\jandi\\Documents\\GitHub\\bora-peticionar\\borapeticionar-backend\\borapeticionar-backend\\src\\templates\\dto\\update-template.dto.ts","statementMap":{"0":{"start":{"line":1,"column":0},"end":{"line":1,"column":66}},"1":{"start":{"line":3,"column":0},"end":{"line":3,"column":13}},"2":{"start":{"line":6,"column":2},"end":{"line":6,"column":null}},"3":{"start":{"line":10,"column":2},"end":{"line":10,"column":null}},"4":{"start":{"line":14,"column":2},"end":{"line":14,"column":null}},"5":{"start":{"line":18,"column":2},"end":{"line":18,"column":null}},"6":{"start":{"line":22,"column":2},"end":{"line":22,"column":null}},"7":{"start":{"line":26,"column":2},"end":{"line":26,"column":null}}},"fnMap":{},"branchMap":{},"s":{"0":1,"1":1,"2":1,"3":1,"4":1,"5":1,"6":1,"7":1},"f":{},"b":{}}
,"C:\\Users\\jandi\\Documents\\GitHub\\bora-peticionar\\borapeticionar-backend\\borapeticionar-backend\\src\\users\\users.controller.ts": {"path":"C:\\Users\\jandi\\Documents\\GitHub\\bora-peticionar\\borapeticionar-backend\\borapeticionar-backend\\src\\users\\users.controller.ts","statementMap":{"0":{"start":{"line":1,"column":0},"end":{"line":1,"column":null}},"1":{"start":{"line":12,"column":0},"end":{"line":12,"column":47}},"2":{"start":{"line":13,"column":0},"end":{"line":13,"column":54}},"3":{"start":{"line":14,"column":0},"end":{"line":14,"column":54}},"4":{"start":{"line":15,"column":0},"end":{"line":15,"column":61}},"5":{"start":{"line":18,"column":7},"end":{"line":49,"column":null}},"6":{"start":{"line":19,"column":31},"end":{"line":19,"column":45}},"7":{"start":{"line":23,"column":4},"end":{"line":23,"column":41}},"8":{"start":{"line":29,"column":4},"end":{"line":29,"column":39}},"9":{"start":{"line":35,"column":4},"end":{"line":35,"column":41}},"10":{"start":{"line":41,"column":4},"end":{"line":41,"column":45}},"11":{"start":{"line":47,"column":4},"end":{"line":47,"column":40}},"12":{"start":{"line":18,"column":13},"end":{"line":18,"column":28}},"13":{"start":{"line":22,"column":2},"end":{"line":24,"column":null}},"14":{"start":{"line":28,"column":2},"end":{"line":30,"column":null}},"15":{"start":{"line":34,"column":2},"end":{"line":36,"column":null}},"16":{"start":{"line":40,"column":2},"end":{"line":42,"column":null}},"17":{"start":{"line":46,"column":2},"end":{"line":48,"column":null}},"18":{"start":{"line":18,"column":13},"end":{"line":49,"column":null}}},"fnMap":{"0":{"name":"(anonymous_4)","decl":{"start":{"line":19,"column":2},"end":{"line":19,"column":31}},"loc":{"start":{"line":19,"column":57},"end":{"line":19,"column":61}}},"1":{"name":"(anonymous_5)","decl":{"start":{"line":22,"column":2},"end":{"line":22,"column":8}},"loc":{"start":{"line":22,"column":35},"end":{"line":24,"column":3}}},"2":{"name":"(anonymous_6)","decl":{"start":{"line":28,"column":2},"end":{"line":28,"column":9}},"loc":{"start":{"line":28,"column":9},"end":{"line":30,"column":3}}},"3":{"name":"(anonymous_7)","decl":{"start":{"line":34,"column":2},"end":{"line":34,"column":9}},"loc":{"start":{"line":34,"column":48},"end":{"line":36,"column":3}}},"4":{"name":"(anonymous_8)","decl":{"start":{"line":40,"column":2},"end":{"line":40,"column":8}},"loc":{"start":{"line":40,"column":75},"end":{"line":42,"column":3}}},"5":{"name":"(anonymous_9)","decl":{"start":{"line":46,"column":2},"end":{"line":46,"column":8}},"loc":{"start":{"line":46,"column":47},"end":{"line":48,"column":3}}}},"branchMap":{"0":{"loc":{"start":{"line":22,"column":22},"end":{"line":22,"column":null}},"type":"cond-expr","locations":[{"start":{"line":22,"column":35},"end":{"line":22,"column":null}},{"start":{"line":22,"column":35},"end":{"line":22,"column":null}}]},"1":{"loc":{"start":{"line":22,"column":22},"end":{"line":22,"column":35}},"type":"binary-expr","locations":[{"start":{"line":22,"column":22},"end":{"line":22,"column":null}},{"start":{"line":22,"column":22},"end":{"line":22,"column":35}}]},"2":{"loc":{"start":{"line":40,"column":62},"end":{"line":40,"column":null}},"type":"cond-expr","locations":[{"start":{"line":40,"column":75},"end":{"line":40,"column":null}},{"start":{"line":40,"column":75},"end":{"line":40,"column":null}}]},"3":{"loc":{"start":{"line":40,"column":62},"end":{"line":40,"column":75}},"type":"binary-expr","locations":[{"start":{"line":40,"column":62},"end":{"line":40,"column":null}},{"start":{"line":40,"column":62},"end":{"line":40,"column":75}}]},"4":{"loc":{"start":{"line":19,"column":45},"end":{"line":19,"column":60}},"type":"cond-expr","locations":[{"start":{"line":19,"column":57},"end":{"line":19,"column":60}},{"start":{"line":19,"column":57},"end":{"line":19,"column":60}}]},"5":{"loc":{"start":{"line":19,"column":45},"end":{"line":19,"column":57}},"type":"binary-expr","locations":[{"start":{"line":19,"column":45},"end":{"line":19,"column":60}},{"start":{"line":19,"column":45},"end":{"line":19,"column":57}}]}},"s":{"0":1,"1":1,"2":1,"3":1,"4":1,"5":1,"6":5,"7":1,"8":1,"9":1,"10":1,"11":1,"12":1,"13":1,"14":1,"15":1,"16":1,"17":1,"18":1},"f":{"0":5,"1":1,"2":1,"3":1,"4":1,"5":1},"b":{"0":[1,0],"1":[1,1],"2":[1,0],"3":[1,1],"4":[1,0],"5":[1,1]}}
,"C:\\Users\\jandi\\Documents\\GitHub\\bora-peticionar\\borapeticionar-backend\\borapeticionar-backend\\src\\users\\users.module.ts": {"path":"C:\\Users\\jandi\\Documents\\GitHub\\bora-peticionar\\borapeticionar-backend\\borapeticionar-backend\\src\\users\\users.module.ts","statementMap":{"0":{"start":{"line":1,"column":0},"end":{"line":1,"column":40}},"1":{"start":{"line":2,"column":0},"end":{"line":2,"column":47}},"2":{"start":{"line":3,"column":0},"end":{"line":3,"column":53}},"3":{"start":{"line":10,"column":7},"end":{"line":10,"column":null}},"4":{"start":{"line":10,"column":13},"end":{"line":10,"column":24}},"5":{"start":{"line":10,"column":13},"end":{"line":10,"column":null}}},"fnMap":{},"branchMap":{},"s":{"0":0,"1":0,"2":0,"3":0,"4":0,"5":0},"f":{},"b":{}}
,"C:\\Users\\jandi\\Documents\\GitHub\\bora-peticionar\\borapeticionar-backend\\borapeticionar-backend\\src\\users\\users.service.ts": {"path":"C:\\Users\\jandi\\Documents\\GitHub\\bora-peticionar\\borapeticionar-backend\\borapeticionar-backend\\src\\users\\users.service.ts","statementMap":{"0":{"start":{"line":1,"column":0},"end":{"line":1,"column":null}},"1":{"start":{"line":6,"column":0},"end":{"line":6,"column":33}},"2":{"start":{"line":7,"column":0},"end":{"line":7,"column":57}},"3":{"start":{"line":12,"column":7},"end":{"line":125,"column":null}},"4":{"start":{"line":13,"column":31},"end":{"line":13,"column":39}},"5":{"start":{"line":16,"column":26},"end":{"line":18,"column":6}},"6":{"start":{"line":19,"column":4},"end":{"line":21,"column":5}},"7":{"start":{"line":20,"column":6},"end":{"line":20,"column":71}},"8":{"start":{"line":23,"column":24},"end":{"line":25,"column":6}},"9":{"start":{"line":26,"column":4},"end":{"line":28,"column":5}},"10":{"start":{"line":27,"column":6},"end":{"line":27,"column":55}},"11":{"start":{"line":30,"column":21},"end":{"line":32,"column":6}},"12":{"start":{"line":34,"column":27},"end":{"line":34,"column":62}},"13":{"start":{"line":36,"column":17},"end":{"line":54,"column":6}},"14":{"start":{"line":56,"column":4},"end":{"line":56,"column":16}},"15":{"start":{"line":60,"column":4},"end":{"line":73,"column":7}},"16":{"start":{"line":77,"column":17},"end":{"line":80,"column":6}},"17":{"start":{"line":81,"column":4},"end":{"line":83,"column":5}},"18":{"start":{"line":82,"column":6},"end":{"line":82,"column":60}},"19":{"start":{"line":85,"column":36},"end":{"line":85,"column":40}},"20":{"start":{"line":86,"column":4},"end":{"line":86,"column":18}},"21":{"start":{"line":90,"column":4},"end":{"line":93,"column":7}},"22":{"start":{"line":97,"column":4},"end":{"line":97,"column":27}},"23":{"start":{"line":99,"column":4},"end":{"line":101,"column":5}},"24":{"start":{"line":100,"column":6},"end":{"line":100,"column":57}},"25":{"start":{"line":103,"column":4},"end":{"line":118,"column":7}},"26":{"start":{"line":122,"column":4},"end":{"line":122,"column":27}},"27":{"start":{"line":123,"column":4},"end":{"line":123,"column":54}},"28":{"start":{"line":12,"column":13},"end":{"line":12,"column":25}},"29":{"start":{"line":12,"column":13},"end":{"line":125,"column":null}}},"fnMap":{"0":{"name":"(anonymous_11)","decl":{"start":{"line":13,"column":2},"end":{"line":13,"column":31}},"loc":{"start":{"line":13,"column":52},"end":{"line":13,"column":56}}},"1":{"name":"(anonymous_12)","decl":{"start":{"line":15,"column":2},"end":{"line":15,"column":7}},"loc":{"start":{"line":15,"column":33},"end":{"line":57,"column":3}}},"2":{"name":"(anonymous_13)","decl":{"start":{"line":59,"column":2},"end":{"line":59,"column":7}},"loc":{"start":{"line":59,"column":15},"end":{"line":74,"column":3}}},"3":{"name":"(anonymous_14)","decl":{"start":{"line":76,"column":2},"end":{"line":76,"column":7}},"loc":{"start":{"line":76,"column":26},"end":{"line":87,"column":3}}},"4":{"name":"(anonymous_15)","decl":{"start":{"line":89,"column":2},"end":{"line":89,"column":7}},"loc":{"start":{"line":89,"column":33},"end":{"line":94,"column":3}}},"5":{"name":"(anonymous_16)","decl":{"start":{"line":96,"column":2},"end":{"line":96,"column":7}},"loc":{"start":{"line":96,"column":45},"end":{"line":119,"column":3}}},"6":{"name":"(anonymous_17)","decl":{"start":{"line":121,"column":2},"end":{"line":121,"column":7}},"loc":{"start":{"line":121,"column":25},"end":{"line":124,"column":3}}}},"branchMap":{"0":{"loc":{"start":{"line":19,"column":4},"end":{"line":21,"column":5}},"type":"if","locations":[{"start":{"line":19,"column":4},"end":{"line":21,"column":5}},{"start":{},"end":{}}]},"1":{"loc":{"start":{"line":26,"column":4},"end":{"line":28,"column":5}},"type":"if","locations":[{"start":{"line":26,"column":4},"end":{"line":28,"column":5}},{"start":{},"end":{}}]},"2":{"loc":{"start":{"line":40,"column":16},"end":{"line":40,"column":36}},"type":"binary-expr","locations":[{"start":{"line":40,"column":16},"end":{"line":40,"column":28}},{"start":{"line":40,"column":32},"end":{"line":40,"column":36}}]},"3":{"loc":{"start":{"line":81,"column":4},"end":{"line":83,"column":5}},"type":"if","locations":[{"start":{"line":81,"column":4},"end":{"line":83,"column":5}},{"start":{},"end":{}}]},"4":{"loc":{"start":{"line":99,"column":4},"end":{"line":101,"column":5}},"type":"if","locations":[{"start":{"line":99,"column":4},"end":{"line":101,"column":5}},{"start":{},"end":{}}]},"5":{"loc":{"start":{"line":13,"column":39},"end":{"line":13,"column":55}},"type":"cond-expr","locations":[{"start":{"line":13,"column":52},"end":{"line":13,"column":55}},{"start":{"line":13,"column":52},"end":{"line":13,"column":55}}]},"6":{"loc":{"start":{"line":13,"column":39},"end":{"line":13,"column":52}},"type":"binary-expr","locations":[{"start":{"line":13,"column":39},"end":{"line":13,"column":55}},{"start":{"line":13,"column":39},"end":{"line":13,"column":52}}]}},"s":{"0":5,"1":5,"2":5,"3":5,"4":10,"5":3,"6":3,"7":1,"8":2,"9":2,"10":1,"11":1,"12":1,"13":1,"14":1,"15":0,"16":6,"17":6,"18":2,"19":4,"20":4,"21":1,"22":2,"23":2,"24":1,"25":2,"26":2,"27":1,"28":5,"29":5},"f":{"0":10,"1":3,"2":0,"3":6,"4":1,"5":2,"6":2},"b":{"0":[1,2],"1":[1,1],"2":[1,0],"3":[2,4],"4":[1,1],"5":[5,0],"6":[5,5]}}
,"C:\\Users\\jandi\\Documents\\GitHub\\bora-peticionar\\borapeticionar-backend\\borapeticionar-backend\\src\\users\\dto\\create-user.dto.ts": {"path":"C:\\Users\\jandi\\Documents\\GitHub\\bora-peticionar\\borapeticionar-backend\\borapeticionar-backend\\src\\users\\dto\\create-user.dto.ts","statementMap":{"0":{"start":{"line":1,"column":0},"end":{"line":1,"column":null}},"1":{"start":{"line":9,"column":0},"end":{"line":9,"column":58}},"2":{"start":{"line":11,"column":0},"end":{"line":11,"column":13}},"3":{"start":{"line":14,"column":2},"end":{"line":14,"column":null}},"4":{"start":{"line":18,"column":2},"end":{"line":18,"column":null}},"5":{"start":{"line":22,"column":2},"end":{"line":22,"column":null}},"6":{"start":{"line":26,"column":2},"end":{"line":26,"column":null}},"7":{"start":{"line":30,"column":2},"end":{"line":30,"column":null}},"8":{"start":{"line":34,"column":2},"end":{"line":34,"column":null}},"9":{"start":{"line":38,"column":2},"end":{"line":38,"column":null}},"10":{"start":{"line":42,"column":2},"end":{"line":42,"column":null}}},"fnMap":{},"branchMap":{"0":{"loc":{"start":{"line":30,"column":8},"end":{"line":30,"column":12}},"type":"cond-expr","locations":[{"start":{"line":30,"column":11},"end":{"line":30,"column":12}},{"start":{"line":30,"column":11},"end":{"line":30,"column":12}}]},"1":{"loc":{"start":{"line":30,"column":8},"end":{"line":30,"column":11}},"type":"binary-expr","locations":[{"start":{"line":30,"column":8},"end":{"line":30,"column":12}},{"start":{"line":30,"column":8},"end":{"line":30,"column":11}}]}},"s":{"0":1,"1":1,"2":1,"3":1,"4":1,"5":1,"6":1,"7":1,"8":1,"9":1,"10":1},"f":{},"b":{"0":[0,1],"1":[1,1]}}
,"C:\\Users\\jandi\\Documents\\GitHub\\bora-peticionar\\borapeticionar-backend\\borapeticionar-backend\\src\\users\\dto\\update-user.dto.ts": {"path":"C:\\Users\\jandi\\Documents\\GitHub\\bora-peticionar\\borapeticionar-backend\\borapeticionar-backend\\src\\users\\dto\\update-user.dto.ts","statementMap":{"0":{"start":{"line":1,"column":0},"end":{"line":1,"column":null}},"1":{"start":{"line":8,"column":0},"end":{"line":8,"column":58}},"2":{"start":{"line":10,"column":0},"end":{"line":10,"column":13}},"3":{"start":{"line":13,"column":2},"end":{"line":13,"column":null}},"4":{"start":{"line":17,"column":2},"end":{"line":17,"column":null}},"5":{"start":{"line":21,"column":2},"end":{"line":21,"column":null}},"6":{"start":{"line":25,"column":2},"end":{"line":25,"column":null}},"7":{"start":{"line":29,"column":2},"end":{"line":29,"column":null}},"8":{"start":{"line":33,"column":2},"end":{"line":33,"column":null}},"9":{"start":{"line":37,"column":2},"end":{"line":37,"column":null}}},"fnMap":{},"branchMap":{"0":{"loc":{"start":{"line":25,"column":8},"end":{"line":25,"column":12}},"type":"cond-expr","locations":[{"start":{"line":25,"column":11},"end":{"line":25,"column":12}},{"start":{"line":25,"column":11},"end":{"line":25,"column":12}}]},"1":{"loc":{"start":{"line":25,"column":8},"end":{"line":25,"column":11}},"type":"binary-expr","locations":[{"start":{"line":25,"column":8},"end":{"line":25,"column":12}},{"start":{"line":25,"column":8},"end":{"line":25,"column":11}}]}},"s":{"0":1,"1":1,"2":1,"3":1,"4":1,"5":1,"6":1,"7":1,"8":1,"9":1},"f":{},"b":{"0":[0,1],"1":[1,1]}}
}
