TN:
SF:src\app.module.ts
FNF:0
FNH:0
DA:1,0
DA:2,0
DA:3,0
DA:4,0
DA:5,0
DA:6,0
DA:7,0
DA:8,0
DA:9,0
DA:23,0
LF:10
LH:0
BRF:0
BRH:0
end_of_record
TN:
SF:src\main.ts
FN:6,bootstrap
FNF:1
FNH:0
FNDA:0,bootstrap
DA:1,0
DA:2,0
DA:3,0
DA:4,0
DA:7,0
DA:9,0
DA:11,0
DA:16,0
DA:24,0
DA:26,0
DA:27,0
DA:28,0
DA:30,0
LF:13
LH:0
BRDA:12,0,0,0
BRDA:12,0,1,0
BRDA:26,1,0,0
BRDA:26,1,1,0
BRF:4
BRH:0
end_of_record
TN:
SF:src\auth\auth.controller.ts
FN:20,(anonymous_4)
FN:25,(anonymous_5)
FN:37,(anonymous_6)
FN:46,(anonymous_7)
FNF:4
FNH:4
FNDA:3,(anonymous_4)
FNDA:1,(anonymous_5)
FNDA:1,(anonymous_6)
FNDA:1,(anonymous_7)
DA:1,1
DA:12,1
DA:13,1
DA:14,1
DA:15,1
DA:16,1
DA:19,1
DA:20,3
DA:25,1
DA:31,1
DA:37,1
DA:40,1
DA:46,1
DA:50,1
LF:14
LH:14
BRDA:31,0,0,1
BRDA:31,0,1,0
BRDA:48,1,0,1
BRDA:48,1,1,0
BRDA:48,2,0,1
BRDA:48,2,1,1
BRDA:20,3,0,1
BRDA:20,3,1,0
BRDA:20,4,0,1
BRDA:20,4,1,1
BRF:10
BRH:7
end_of_record
TN:
SF:src\auth\auth.module.ts
FNF:0
FNH:0
DA:1,0
DA:2,0
DA:3,0
DA:4,0
DA:5,0
DA:6,0
DA:7,0
DA:8,0
DA:9,0
DA:10,0
DA:18,0
LF:11
LH:0
BRF:0
BRH:0
end_of_record
TN:
SF:src\auth\auth.service.ts
FN:16,(anonymous_11)
FN:23,(anonymous_12)
FN:37,(anonymous_13)
FN:82,(anonymous_14)
FN:119,(anonymous_15)
FN:132,(anonymous_16)
FN:148,(anonymous_17)
FNF:7
FNH:7
FNDA:11,(anonymous_11)
FNDA:3,(anonymous_12)
FNDA:2,(anonymous_13)
FNDA:5,(anonymous_14)
FNDA:1,(anonymous_15)
FNDA:2,(anonymous_16)
FNDA:1,(anonymous_17)
DA:1,3
DA:7,3
DA:8,3
DA:9,3
DA:10,3
DA:11,3
DA:12,3
DA:15,3
DA:17,11
DA:18,11
DA:19,11
DA:20,11
DA:24,3
DA:25,3
DA:26,1
DA:28,2
DA:29,2
DA:30,1
DA:33,1
DA:34,1
DA:42,2
DA:50,2
DA:51,1
DA:56,1
DA:62,1
DA:67,1
DA:69,1
DA:71,1
DA:83,5
DA:87,5
DA:88,2
DA:91,3
DA:92,1
DA:93,1
DA:96,2
DA:98,2
DA:103,2
DA:104,1
DA:107,1
DA:109,1
DA:114,1
DA:116,1
DA:120,1
DA:124,1
DA:129,1
DA:133,2
DA:134,2
DA:135,2
DA:137,2
DA:145,2
DA:153,1
DA:154,1
DA:156,1
LF:53
LH:53
BRDA:25,0,0,1
BRDA:25,0,1,2
BRDA:29,1,0,1
BRDA:29,1,1,1
BRDA:50,2,0,1
BRDA:50,2,1,1
BRDA:87,3,0,2
BRDA:87,3,1,3
BRDA:87,4,0,5
BRDA:87,4,1,4
BRDA:91,5,0,1
BRDA:91,5,1,2
BRDA:103,6,0,1
BRDA:103,6,1,1
BRDA:17,7,0,3
BRDA:17,7,1,0
BRDA:17,8,0,3
BRDA:17,8,1,3
BRDA:17,9,0,3
BRDA:17,9,1,0
BRDA:17,10,0,3
BRDA:17,10,1,3
BRDA:18,11,0,3
BRDA:18,11,1,0
BRDA:18,12,0,3
BRDA:18,12,1,3
BRDA:19,13,0,3
BRDA:19,13,1,0
BRDA:19,14,0,3
BRDA:19,14,1,3
BRF:30
BRH:26
end_of_record
TN:
SF:src\auth\decorators\roles.decorator.ts
FN:5,(anonymous_0)
FNF:1
FNH:1
FNDA:6,(anonymous_0)
DA:1,1
DA:4,1
DA:5,6
LF:3
LH:3
BRF:0
BRH:0
end_of_record
TN:
SF:src\auth\dto\login.dto.ts
FNF:0
FNH:0
DA:1,0
DA:3,0
DA:6,0
DA:9,0
LF:4
LH:0
BRF:0
BRH:0
end_of_record
TN:
SF:src\auth\dto\refresh-token.dto.ts
FNF:0
FNH:0
DA:1,1
DA:3,1
DA:5,1
LF:3
LH:3
BRF:0
BRH:0
end_of_record
TN:
SF:src\auth\guards\jwt-auth.guard.ts
FNF:0
FNH:0
DA:1,6
DA:2,6
DA:5,6
LF:3
LH:3
BRF:0
BRH:0
end_of_record
TN:
SF:src\auth\guards\jwt-refresh.guard.ts
FNF:0
FNH:0
DA:1,1
DA:2,1
DA:5,1
LF:3
LH:3
BRF:0
BRH:0
end_of_record
TN:
SF:src\auth\guards\local-auth.guard.ts
FNF:0
FNH:0
DA:1,1
DA:2,1
DA:5,1
LF:3
LH:3
BRF:0
BRH:0
end_of_record
TN:
SF:src\auth\guards\roles.guard.ts
FN:9,(anonymous_2)
FN:11,(anonymous_3)
FNF:2
FNH:2
FNDA:13,(anonymous_2)
FNDA:4,(anonymous_3)
DA:1,2
DA:2,2
DA:5,2
DA:8,2
DA:9,13
DA:12,4
DA:17,4
DA:18,1
DA:21,3
DA:24,3
DA:25,3
LF:11
LH:11
BRDA:17,0,0,1
BRDA:17,0,1,3
BRDA:25,1,0,2
BRDA:25,1,1,1
BRDA:9,2,0,2
BRDA:9,2,1,0
BRDA:9,3,0,2
BRDA:9,3,1,2
BRF:8
BRH:7
end_of_record
TN:
SF:src\auth\strategies\jwt-refresh.strategy.ts
FN:12,(anonymous_2)
FN:25,(anonymous_3)
FNF:2
FNH:2
FNDA:3,(anonymous_2)
FNDA:2,(anonymous_3)
DA:1,1
DA:2,1
DA:3,1
DA:4,1
DA:8,1
DA:13,3
DA:14,3
DA:15,0
DA:17,3
DA:26,2
DA:27,2
DA:28,1
DA:30,1
LF:13
LH:12
BRDA:14,0,0,0
BRDA:14,0,1,3
BRDA:27,1,0,1
BRDA:27,1,1,1
BRDA:12,2,0,1
BRDA:12,2,1,0
BRDA:12,3,0,1
BRDA:12,3,1,1
BRF:8
BRH:6
end_of_record
TN:
SF:src\auth\strategies\jwt.strategy.ts
FN:15,(anonymous_2)
FN:27,(anonymous_3)
FNF:2
FNH:2
FNDA:4,(anonymous_2)
FNDA:3,(anonymous_3)
DA:1,1
DA:2,1
DA:3,1
DA:4,1
DA:14,1
DA:16,4
DA:17,4
DA:18,0
DA:20,4
DA:28,3
DA:29,2
DA:31,1
LF:12
LH:11
BRDA:17,0,0,0
BRDA:17,0,1,4
BRDA:28,1,0,2
BRDA:28,1,1,1
BRDA:28,2,0,3
BRDA:28,2,1,2
BRDA:15,3,0,1
BRDA:15,3,1,0
BRDA:15,4,0,1
BRDA:15,4,1,1
BRF:10
BRH:8
end_of_record
TN:
SF:src\auth\strategies\local.strategy.ts
FN:8,(anonymous_2)
FN:12,(anonymous_3)
FNF:2
FNH:2
FNDA:3,(anonymous_2)
FNDA:2,(anonymous_3)
DA:1,1
DA:2,1
DA:3,1
DA:4,1
DA:7,1
DA:8,3
DA:9,3
DA:13,2
DA:14,2
DA:15,1
DA:17,1
LF:11
LH:11
BRDA:14,0,0,1
BRDA:14,0,1,1
BRDA:8,1,0,1
BRDA:8,1,1,0
BRDA:8,2,0,1
BRDA:8,2,1,1
BRF:6
BRH:5
end_of_record
TN:
SF:src\common\decorators\current-user.decorator.ts
FN:4,(anonymous_0)
FNF:1
FNH:0
FNDA:0,(anonymous_0)
DA:1,1
DA:3,1
DA:5,0
DA:8,0
DA:9,0
LF:5
LH:2
BRDA:9,0,0,0
BRDA:9,0,1,0
BRF:2
BRH:0
end_of_record
TN:
SF:src\organizations\organizations.controller.ts
FN:22,(anonymous_4)
FN:25,(anonymous_5)
FN:33,(anonymous_6)
FN:38,(anonymous_7)
FN:43,(anonymous_8)
FN:51,(anonymous_9)
FN:60,(anonymous_10)
FN:68,(anonymous_11)
FN:82,(anonymous_12)
FN:91,(anonymous_13)
FNF:10
FNH:10
FNDA:9,(anonymous_4)
FNDA:1,(anonymous_5)
FNDA:1,(anonymous_6)
FNDA:1,(anonymous_7)
FNDA:1,(anonymous_8)
FNDA:1,(anonymous_9)
FNDA:1,(anonymous_10)
FNDA:1,(anonymous_11)
FNDA:1,(anonymous_12)
FNDA:1,(anonymous_13)
DA:1,1
DA:13,1
DA:14,1
DA:15,1
DA:16,1
DA:17,1
DA:21,1
DA:22,9
DA:25,1
DA:29,1
DA:33,1
DA:34,1
DA:38,1
DA:39,1
DA:43,1
DA:47,1
DA:51,1
DA:56,1
DA:60,1
DA:64,1
DA:68,1
DA:73,1
DA:82,1
DA:87,1
DA:91,1
DA:95,1
LF:26
LH:26
BRDA:27,0,0,1
BRDA:27,0,1,0
BRDA:27,1,0,1
BRDA:27,1,1,1
BRDA:54,2,0,1
BRDA:54,2,1,0
BRDA:54,3,0,1
BRDA:54,3,1,1
BRDA:71,4,0,1
BRDA:71,4,1,0
BRDA:71,5,0,1
BRDA:71,5,1,1
BRDA:22,6,0,1
BRDA:22,6,1,0
BRDA:22,7,0,1
BRDA:22,7,1,1
BRF:16
BRH:12
end_of_record
TN:
SF:src\organizations\organizations.module.ts
FNF:0
FNH:0
DA:1,0
DA:2,0
DA:3,0
DA:10,0
LF:4
LH:0
BRF:0
BRH:0
end_of_record
TN:
SF:src\organizations\organizations.service.ts
FN:13,(anonymous_2)
FN:15,(anonymous_3)
FN:50,(anonymous_4)
FN:57,(anonymous_5)
FN:64,(anonymous_6)
FN:74,(anonymous_7)
FN:82,(anonymous_8)
FN:97,(anonymous_9)
FN:109,(anonymous_10)
FN:117,(anonymous_11)
FN:125,(anonymous_12)
FN:140,(anonymous_13)
FN:147,(anonymous_14)
FN:155,(anonymous_15)
FN:175,(anonymous_16)
FNF:15
FNH:12
FNDA:11,(anonymous_2)
FNDA:2,(anonymous_3)
FNDA:1,(anonymous_4)
FNDA:0,(anonymous_5)
FNDA:8,(anonymous_6)
FNDA:8,(anonymous_7)
FNDA:0,(anonymous_8)
FNDA:0,(anonymous_9)
FNDA:2,(anonymous_10)
FNDA:2,(anonymous_11)
FNDA:3,(anonymous_12)
FNDA:2,(anonymous_13)
FNDA:3,(anonymous_14)
FNDA:3,(anonymous_15)
FNDA:1,(anonymous_16)
DA:1,2
DA:7,2
DA:12,2
DA:13,11
DA:16,2
DA:21,2
DA:22,0
DA:25,2
DA:26,1
DA:31,1
DA:39,1
DA:47,1
DA:51,1
DA:58,0
DA:65,8
DA:70,8
DA:71,1
DA:74,8
DA:75,7
DA:76,1
DA:79,6
DA:83,0
DA:85,0
DA:86,0
DA:91,0
DA:98,0
DA:100,0
DA:101,0
DA:106,0
DA:115,2
DA:117,2
DA:118,2
DA:119,0
DA:124,2
DA:125,3
DA:127,2
DA:128,1
DA:131,1
DA:145,2
DA:147,3
DA:148,2
DA:149,0
DA:154,2
DA:155,3
DA:157,2
DA:158,0
DA:161,2
DA:162,1
DA:165,1
DA:176,1
DA:178,1
LF:51
LH:38
BRDA:21,0,0,0
BRDA:21,0,1,2
BRDA:21,1,0,2
BRDA:21,1,1,2
BRDA:25,2,0,1
BRDA:25,2,1,1
BRDA:35,3,0,1
BRDA:35,3,1,1
BRDA:70,4,0,1
BRDA:70,4,1,7
BRDA:75,5,0,1
BRDA:75,5,1,6
BRDA:85,6,0,0
BRDA:85,6,1,0
BRDA:100,7,0,0
BRDA:100,7,1,0
BRDA:113,8,0,1
BRDA:118,9,0,0
BRDA:118,9,1,2
BRDA:118,10,0,2
BRDA:118,10,1,2
BRDA:127,11,0,1
BRDA:127,11,1,1
BRDA:148,12,0,0
BRDA:148,12,1,2
BRDA:148,13,0,2
BRDA:148,13,1,2
BRDA:157,14,0,0
BRDA:157,14,1,2
BRDA:161,15,0,1
BRDA:161,15,1,1
BRDA:13,16,0,2
BRDA:13,16,1,0
BRDA:13,17,0,2
BRDA:13,17,1,2
BRF:35
BRH:26
end_of_record
TN:
SF:src\organizations\dto\add-member.dto.ts
FNF:0
FNH:0
DA:1,1
DA:3,1
DA:6,1
DA:10,1
LF:4
LH:4
BRF:0
BRH:0
end_of_record
TN:
SF:src\organizations\dto\create-organization.dto.ts
FNF:0
FNH:0
DA:1,1
DA:3,1
DA:6,1
DA:10,1
DA:14,1
LF:5
LH:5
BRF:0
BRH:0
end_of_record
TN:
SF:src\organizations\dto\update-organization.dto.ts
FNF:0
FNH:0
DA:1,1
DA:3,1
DA:6,1
DA:10,1
DA:14,1
LF:5
LH:5
BRF:0
BRH:0
end_of_record
TN:
SF:src\petitions\petitions.controller.ts
FN:22,(anonymous_4)
FN:25,(anonymous_5)
FN:33,(anonymous_6)
FN:41,(anonymous_7)
FN:49,(anonymous_8)
FN:54,(anonymous_9)
FN:59,(anonymous_10)
FN:64,(anonymous_11)
FN:69,(anonymous_12)
FN:74,(anonymous_13)
FN:82,(anonymous_14)
FN:91,(anonymous_15)
FN:99,(anonymous_16)
FN:107,(anonymous_17)
FN:115,(anonymous_18)
FN:123,(anonymous_19)
FN:137,(anonymous_20)
FN:151,(anonymous_21)
FNF:18
FNH:10
FNDA:9,(anonymous_4)
FNDA:1,(anonymous_5)
FNDA:1,(anonymous_6)
FNDA:1,(anonymous_7)
FNDA:1,(anonymous_8)
FNDA:0,(anonymous_9)
FNDA:0,(anonymous_10)
FNDA:0,(anonymous_11)
FNDA:0,(anonymous_12)
FNDA:1,(anonymous_13)
FNDA:0,(anonymous_14)
FNDA:1,(anonymous_15)
FNDA:0,(anonymous_16)
FNDA:1,(anonymous_17)
FNDA:1,(anonymous_18)
FNDA:0,(anonymous_19)
FNDA:0,(anonymous_20)
FNDA:1,(anonymous_21)
DA:1,1
DA:14,1
DA:15,1
DA:16,1
DA:17,1
DA:21,1
DA:22,9
DA:25,1
DA:29,1
DA:33,1
DA:37,1
DA:41,1
DA:45,1
DA:49,1
DA:50,1
DA:54,1
DA:55,0
DA:59,1
DA:60,0
DA:64,1
DA:65,0
DA:69,1
DA:70,0
DA:74,1
DA:78,1
DA:82,1
DA:87,0
DA:91,1
DA:95,1
DA:99,1
DA:103,0
DA:107,1
DA:111,1
DA:115,1
DA:119,1
DA:123,1
DA:127,0
DA:128,0
DA:129,0
DA:133,0
DA:137,1
DA:141,0
DA:142,0
DA:143,0
DA:147,0
DA:151,1
DA:152,1
LF:47
LH:33
BRDA:128,0,0,0
BRDA:128,0,1,0
BRDA:142,1,0,0
BRDA:142,1,1,0
BRDA:27,2,0,1
BRDA:27,2,1,0
BRDA:27,3,0,1
BRDA:27,3,1,1
BRDA:35,4,0,1
BRDA:35,4,1,0
BRDA:35,5,0,1
BRDA:35,5,1,1
BRDA:85,6,0,1
BRDA:85,6,1,0
BRDA:85,7,0,1
BRDA:85,7,1,1
BRDA:22,8,0,1
BRDA:22,8,1,0
BRDA:22,9,0,1
BRDA:22,9,1,1
BRF:20
BRH:12
end_of_record
TN:
SF:src\petitions\petitions.module.ts
FNF:0
FNH:0
DA:1,0
DA:2,0
DA:3,0
DA:10,0
LF:4
LH:0
BRF:0
BRH:0
end_of_record
TN:
SF:src\petitions\petitions.service.ts
FN:14,(anonymous_2)
FN:16,(anonymous_3)
FN:33,(anonymous_4)
FN:43,(anonymous_5)
FN:79,(anonymous_6)
FN:86,(anonymous_7)
FN:93,(anonymous_8)
FN:100,(anonymous_9)
FN:107,(anonymous_10)
FN:120,(anonymous_11)
FN:128,(anonymous_12)
FN:136,(anonymous_13)
FN:141,(anonymous_14)
FN:156,(anonymous_15)
FN:169,(anonymous_16)
FN:177,(anonymous_17)
FN:186,(anonymous_18)
FN:195,(anonymous_19)
FN:250,(anonymous_20)
FN:272,(anonymous_21)
FN:306,(anonymous_22)
FNF:21
FNH:13
FNDA:20,(anonymous_2)
FNDA:3,(anonymous_3)
FNDA:1,(anonymous_4)
FNDA:3,(anonymous_5)
FNDA:0,(anonymous_6)
FNDA:0,(anonymous_7)
FNDA:0,(anonymous_8)
FNDA:0,(anonymous_9)
FNDA:9,(anonymous_10)
FNDA:0,(anonymous_11)
FNDA:1,(anonymous_12)
FNDA:0,(anonymous_13)
FNDA:2,(anonymous_14)
FNDA:0,(anonymous_15)
FNDA:0,(anonymous_16)
FNDA:3,(anonymous_17)
FNDA:2,(anonymous_18)
FNDA:2,(anonymous_19)
FNDA:4,(anonymous_20)
FNDA:5,(anonymous_21)
FNDA:2,(anonymous_22)
DA:1,2
DA:7,2
DA:10,2
DA:13,2
DA:14,20
DA:17,3
DA:18,2
DA:20,1
DA:28,1
DA:30,1
DA:34,1
DA:44,3
DA:46,3
DA:47,1
DA:50,2
DA:51,2
DA:53,2
DA:61,2
DA:62,6
DA:63,1
DA:69,1
DA:74,1
DA:76,1
DA:80,0
DA:87,0
DA:94,0
DA:101,0
DA:108,9
DA:111,9
DA:112,1
DA:114,8
DA:115,1
DA:117,7
DA:121,0
DA:122,0
DA:129,1
DA:130,1
DA:137,0
DA:138,0
DA:142,2
DA:144,2
DA:147,2
DA:148,1
DA:151,1
DA:157,0
DA:160,0
DA:161,0
DA:164,0
DA:170,0
DA:178,3
DA:182,3
DA:183,2
DA:187,2
DA:191,2
DA:192,2
DA:196,2
DA:201,2
DA:202,1
DA:205,1
DA:206,1
DA:216,1
DA:218,1
DA:222,1
DA:251,4
DA:253,1
DA:258,1
DA:259,0
DA:262,1
DA:266,1
DA:273,5
DA:278,5
DA:279,0
DA:282,5
DA:283,0
DA:286,5
DA:287,5
DA:297,5
DA:299,5
DA:300,1
DA:307,2
DA:308,2
DA:309,2
DA:311,2
DA:315,2
DA:316,2
DA:321,0
LF:86
LH:69
BRDA:46,0,0,1
BRDA:46,0,1,2
BRDA:51,1,0,2
BRDA:51,1,1,2
BRDA:62,2,0,1
BRDA:62,2,1,5
BRDA:111,3,0,1
BRDA:111,3,1,8
BRDA:114,4,0,1
BRDA:114,4,1,7
BRDA:147,5,0,1
BRDA:147,5,1,1
BRDA:160,6,0,0
BRDA:160,6,1,0
BRDA:182,7,0,1
BRDA:182,7,1,2
BRDA:182,8,0,3
BRDA:182,8,1,3
BRDA:191,9,0,0
BRDA:191,9,1,2
BRDA:191,10,0,2
BRDA:191,10,1,2
BRDA:201,11,0,1
BRDA:201,11,1,1
BRDA:201,12,0,2
BRDA:201,12,1,2
BRDA:216,13,0,1
BRDA:216,13,1,0
BRDA:218,14,0,1
BRDA:218,14,1,0
BRDA:229,15,0,1
BRDA:229,15,1,1
BRDA:251,16,0,3
BRDA:251,16,1,1
BRDA:258,17,0,0
BRDA:258,17,1,1
BRDA:258,18,0,1
BRDA:258,18,1,1
BRDA:262,19,0,1
BRDA:262,19,1,0
BRDA:263,20,0,1
BRDA:263,20,1,1
BRDA:278,21,0,0
BRDA:278,21,1,5
BRDA:278,22,0,5
BRDA:278,22,1,5
BRDA:282,23,0,0
BRDA:282,23,1,5
BRDA:297,24,0,5
BRDA:297,24,1,0
BRDA:299,25,0,1
BRDA:299,25,1,4
BRDA:315,26,0,2
BRDA:315,26,1,0
BRDA:14,27,0,2
BRDA:14,27,1,0
BRDA:14,28,0,2
BRDA:14,28,1,2
BRF:58
BRH:46
end_of_record
TN:
SF:src\petitions\dto\create-petition.dto.ts
FNF:0
FNH:0
DA:1,1
DA:3,1
DA:6,1
DA:10,1
DA:14,1
DA:18,1
DA:22,1
DA:26,1
DA:30,1
DA:34,1
DA:38,1
DA:42,1
DA:46,1
DA:50,1
DA:54,1
LF:15
LH:15
BRF:0
BRH:0
end_of_record
TN:
SF:src\petitions\dto\update-petition.dto.ts
FNF:0
FNH:0
DA:1,1
DA:2,1
DA:4,1
DA:7,1
DA:11,1
DA:15,1
DA:19,1
DA:23,1
DA:27,1
DA:31,1
DA:35,1
DA:39,1
DA:43,1
DA:47,1
DA:51,1
DA:55,1
DA:59,1
LF:17
LH:17
BRDA:59,0,0,0
BRDA:59,0,1,1
BRDA:59,1,0,1
BRDA:59,1,1,1
BRF:4
BRH:3
end_of_record
TN:
SF:src\plans\plans.controller.ts
FN:23,(anonymous_4)
FN:28,(anonymous_5)
FN:33,(anonymous_6)
FN:38,(anonymous_7)
FN:43,(anonymous_8)
FN:50,(anonymous_9)
FN:57,(anonymous_10)
FN:63,(anonymous_11)
FN:72,(anonymous_12)
FN:79,(anonymous_13)
FN:89,(anonymous_14)
FN:99,(anonymous_15)
FNF:12
FNH:9
FNDA:8,(anonymous_4)
FNDA:0,(anonymous_5)
FNDA:1,(anonymous_6)
FNDA:1,(anonymous_7)
FNDA:1,(anonymous_8)
FNDA:0,(anonymous_9)
FNDA:0,(anonymous_10)
FNDA:1,(anonymous_11)
FNDA:1,(anonymous_12)
FNDA:1,(anonymous_13)
FNDA:1,(anonymous_14)
FNDA:1,(anonymous_15)
DA:1,1
DA:13,1
DA:14,1
DA:15,1
DA:16,1
DA:17,1
DA:18,1
DA:19,1
DA:22,1
DA:23,8
DA:28,1
DA:29,0
DA:33,1
DA:34,1
DA:38,1
DA:39,1
DA:43,1
DA:44,1
DA:50,1
DA:51,0
DA:57,1
DA:58,0
DA:63,1
DA:67,1
DA:72,1
DA:73,1
DA:79,1
DA:83,1
DA:89,1
DA:93,1
DA:99,1
DA:100,1
LF:32
LH:29
BRDA:28,0,0,1
BRDA:28,0,1,0
BRDA:28,1,0,1
BRDA:28,1,1,1
BRDA:50,2,0,1
BRDA:50,2,1,0
BRDA:50,3,0,1
BRDA:50,3,1,1
BRDA:23,4,0,1
BRDA:23,4,1,0
BRDA:23,5,0,1
BRDA:23,5,1,1
BRF:12
BRH:9
end_of_record
TN:
SF:src\plans\plans.module.ts
FNF:0
FNH:0
DA:1,0
DA:2,0
DA:3,0
DA:10,0
LF:4
LH:0
BRF:0
BRH:0
end_of_record
TN:
SF:src\plans\plans.service.ts
FN:14,(anonymous_2)
FN:16,(anonymous_3)
FN:20,(anonymous_4)
FN:26,(anonymous_5)
FN:33,(anonymous_6)
FN:41,(anonymous_7)
FN:46,(anonymous_8)
FN:51,(anonymous_9)
FN:80,(anonymous_10)
FN:116,(anonymous_11)
FN:162,(anonymous_12)
FN:175,(anonymous_13)
FN:194,(anonymous_14)
FN:219,(anonymous_15)
FNF:14
FNH:9
FNDA:19,(anonymous_2)
FNDA:0,(anonymous_3)
FNDA:0,(anonymous_4)
FNDA:0,(anonymous_5)
FNDA:6,(anonymous_6)
FNDA:0,(anonymous_7)
FNDA:0,(anonymous_8)
FNDA:4,(anonymous_9)
FNDA:3,(anonymous_10)
FNDA:5,(anonymous_11)
FNDA:3,(anonymous_12)
FNDA:1,(anonymous_13)
FNDA:2,(anonymous_14)
FNDA:2,(anonymous_15)
DA:1,2
DA:7,2
DA:10,2
DA:13,2
DA:14,19
DA:17,0
DA:21,0
DA:27,0
DA:34,6
DA:35,6
DA:36,1
DA:38,5
DA:42,0
DA:43,0
DA:47,0
DA:48,0
DA:52,4
DA:54,4
DA:55,1
DA:58,3
DA:60,3
DA:73,3
DA:74,2
DA:77,3
DA:81,3
DA:86,3
DA:87,1
DA:90,2
DA:91,2
DA:101,2
DA:117,5
DA:122,5
DA:123,1
DA:128,4
DA:129,1
DA:132,3
DA:136,3
DA:137,1
DA:140,2
DA:141,1
DA:146,1
DA:163,3
DA:168,3
DA:169,1
DA:174,2
DA:175,1
DA:177,2
DA:178,1
DA:181,1
DA:185,1
DA:195,2
DA:210,2
DA:211,1
DA:216,1
DA:220,2
DA:224,2
LF:56
LH:49
BRDA:35,0,0,1
BRDA:35,0,1,5
BRDA:54,1,0,1
BRDA:54,1,1,3
BRDA:58,2,0,1
BRDA:58,2,1,2
BRDA:73,3,0,2
BRDA:73,3,1,1
BRDA:86,4,0,1
BRDA:86,4,1,2
BRDA:86,5,0,3
BRDA:86,5,1,3
BRDA:106,6,0,2
BRDA:106,6,1,1
BRDA:109,7,0,1
BRDA:109,7,1,1
BRDA:110,8,0,1
BRDA:110,8,1,0
BRDA:122,9,0,1
BRDA:122,9,1,4
BRDA:122,10,0,5
BRDA:122,10,1,5
BRDA:128,11,0,1
BRDA:128,11,1,3
BRDA:136,12,0,1
BRDA:136,12,1,2
BRDA:140,13,0,1
BRDA:140,13,1,1
BRDA:168,14,0,1
BRDA:168,14,1,2
BRDA:168,15,0,3
BRDA:168,15,1,3
BRDA:177,16,0,1
BRDA:177,16,1,1
BRDA:189,17,0,1
BRDA:189,17,1,0
BRDA:210,18,0,1
BRDA:210,18,1,1
BRDA:210,19,0,2
BRDA:210,19,1,2
BRDA:226,20,0,2
BRDA:226,20,1,0
BRDA:14,21,0,2
BRDA:14,21,1,0
BRDA:14,22,0,2
BRDA:14,22,1,2
BRF:46
BRH:42
end_of_record
TN:
SF:src\plans\dto\create-plan.dto.ts
FNF:0
FNH:0
DA:1,1
DA:10,1
DA:12,1
DA:15,1
DA:19,1
DA:23,1
DA:26,1
DA:30,1
DA:34,1
DA:38,1
DA:43,1
DA:47,1
DA:51,1
DA:55,1
DA:59,1
DA:63,1
DA:67,1
DA:71,1
DA:75,1
DA:79,1
DA:83,1
DA:88,1
LF:22
LH:22
BRDA:19,0,0,0
BRDA:19,0,1,1
BRDA:19,1,0,1
BRDA:19,1,1,1
BRF:4
BRH:3
end_of_record
TN:
SF:src\plans\dto\update-plan.dto.ts
FNF:0
FNH:0
DA:1,1
DA:9,1
DA:12,1
DA:16,1
DA:19,1
DA:23,1
DA:27,1
DA:31,1
DA:36,1
DA:40,1
DA:44,1
DA:48,1
DA:52,1
DA:56,1
DA:60,1
DA:64,1
DA:68,1
DA:72,1
DA:76,1
DA:81,1
LF:20
LH:20
BRF:0
BRH:0
end_of_record
TN:
SF:src\prisma\prisma.module.ts
FNF:0
FNH:0
DA:1,0
DA:2,0
DA:9,0
LF:3
LH:0
BRF:0
BRH:0
end_of_record
TN:
SF:src\prisma\prisma.service.ts
FN:11,(anonymous_2)
FN:17,(anonymous_3)
FN:21,(anonymous_4)
FNF:3
FNH:0
FNDA:0,(anonymous_2)
FNDA:0,(anonymous_3)
FNDA:0,(anonymous_4)
DA:1,13
DA:2,13
DA:3,13
DA:4,13
DA:7,13
DA:12,0
DA:13,0
DA:14,0
DA:18,0
DA:22,0
LF:10
LH:5
BRDA:11,0,0,13
BRDA:11,0,1,0
BRDA:11,1,0,13
BRDA:11,1,1,13
BRF:4
BRH:3
end_of_record
TN:
SF:src\templates\templates.controller.ts
FN:20,(anonymous_4)
FN:24,(anonymous_5)
FN:29,(anonymous_6)
FN:34,(anonymous_7)
FN:40,(anonymous_8)
FN:45,(anonymous_9)
FN:51,(anonymous_10)
FN:60,(anonymous_11)
FNF:8
FNH:8
FNDA:7,(anonymous_4)
FNDA:1,(anonymous_5)
FNDA:1,(anonymous_6)
FNDA:1,(anonymous_7)
FNDA:1,(anonymous_8)
FNDA:1,(anonymous_9)
FNDA:1,(anonymous_10)
FNDA:1,(anonymous_11)
DA:1,1
DA:13,1
DA:14,1
DA:15,1
DA:16,1
DA:19,1
DA:20,7
DA:24,1
DA:25,1
DA:29,1
DA:30,1
DA:34,1
DA:35,1
DA:40,1
DA:41,1
DA:45,1
DA:46,1
DA:51,1
DA:55,1
DA:60,1
DA:61,1
LF:21
LH:21
BRDA:24,0,0,1
BRDA:24,0,1,0
BRDA:24,1,0,1
BRDA:24,1,1,1
BRDA:53,2,0,1
BRDA:53,2,1,0
BRDA:53,3,0,1
BRDA:53,3,1,1
BRDA:20,4,0,1
BRDA:20,4,1,0
BRDA:20,5,0,1
BRDA:20,5,1,1
BRF:12
BRH:9
end_of_record
TN:
SF:src\templates\templates.module.ts
FNF:0
FNH:0
DA:1,0
DA:2,0
DA:3,0
DA:10,0
LF:4
LH:0
BRF:0
BRH:0
end_of_record
TN:
SF:src\templates\templates.service.ts
FN:12,(anonymous_2)
FN:14,(anonymous_3)
FN:18,(anonymous_4)
FN:24,(anonymous_5)
FN:31,(anonymous_6)
FN:40,(anonymous_7)
FN:50,(anonymous_8)
FN:55,(anonymous_9)
FN:60,(anonymous_10)
FNF:9
FNH:8
FNDA:9,(anonymous_2)
FNDA:1,(anonymous_3)
FNDA:1,(anonymous_4)
FNDA:1,(anonymous_5)
FNDA:0,(anonymous_6)
FNDA:4,(anonymous_7)
FNDA:1,(anonymous_8)
FNDA:1,(anonymous_9)
FNDA:2,(anonymous_10)
DA:1,2
DA:6,2
DA:11,2
DA:12,9
DA:15,1
DA:19,1
DA:25,1
DA:32,0
DA:41,4
DA:44,4
DA:45,1
DA:47,3
DA:51,1
DA:52,1
DA:56,1
DA:57,1
DA:61,2
DA:66,2
DA:67,1
DA:70,1
DA:71,0
DA:77,1
LF:22
LH:20
BRDA:44,0,0,1
BRDA:44,0,1,3
BRDA:66,1,0,1
BRDA:66,1,1,1
BRDA:66,2,0,2
BRDA:66,2,1,2
BRDA:70,3,0,0
BRDA:70,3,1,1
BRDA:70,4,0,1
BRDA:70,4,1,0
BRDA:12,5,0,2
BRDA:12,5,1,0
BRDA:12,6,0,2
BRDA:12,6,1,2
BRF:14
BRH:11
end_of_record
TN:
SF:src\templates\dto\create-template.dto.ts
FNF:0
FNH:0
DA:1,1
DA:3,1
DA:6,1
DA:10,1
DA:14,1
DA:18,1
DA:22,1
DA:26,1
LF:8
LH:8
BRF:0
BRH:0
end_of_record
TN:
SF:src\templates\dto\update-template.dto.ts
FNF:0
FNH:0
DA:1,1
DA:3,1
DA:6,1
DA:10,1
DA:14,1
DA:18,1
DA:22,1
DA:26,1
LF:8
LH:8
BRF:0
BRH:0
end_of_record
TN:
SF:src\users\users.controller.ts
FN:19,(anonymous_4)
FN:22,(anonymous_5)
FN:28,(anonymous_6)
FN:34,(anonymous_7)
FN:40,(anonymous_8)
FN:46,(anonymous_9)
FNF:6
FNH:6
FNDA:5,(anonymous_4)
FNDA:1,(anonymous_5)
FNDA:1,(anonymous_6)
FNDA:1,(anonymous_7)
FNDA:1,(anonymous_8)
FNDA:1,(anonymous_9)
DA:1,1
DA:12,1
DA:13,1
DA:14,1
DA:15,1
DA:18,1
DA:19,5
DA:22,1
DA:23,1
DA:28,1
DA:29,1
DA:34,1
DA:35,1
DA:40,1
DA:41,1
DA:46,1
DA:47,1
LF:17
LH:17
BRDA:22,0,0,1
BRDA:22,0,1,0
BRDA:22,1,0,1
BRDA:22,1,1,1
BRDA:40,2,0,1
BRDA:40,2,1,0
BRDA:40,3,0,1
BRDA:40,3,1,1
BRDA:19,4,0,1
BRDA:19,4,1,0
BRDA:19,5,0,1
BRDA:19,5,1,1
BRF:12
BRH:9
end_of_record
TN:
SF:src\users\users.module.ts
FNF:0
FNH:0
DA:1,0
DA:2,0
DA:3,0
DA:10,0
LF:4
LH:0
BRF:0
BRH:0
end_of_record
TN:
SF:src\users\users.service.ts
FN:13,(anonymous_11)
FN:15,(anonymous_12)
FN:59,(anonymous_13)
FN:76,(anonymous_14)
FN:89,(anonymous_15)
FN:96,(anonymous_16)
FN:121,(anonymous_17)
FNF:7
FNH:6
FNDA:10,(anonymous_11)
FNDA:3,(anonymous_12)
FNDA:0,(anonymous_13)
FNDA:6,(anonymous_14)
FNDA:1,(anonymous_15)
FNDA:2,(anonymous_16)
FNDA:2,(anonymous_17)
DA:1,5
DA:6,5
DA:7,5
DA:12,5
DA:13,10
DA:16,3
DA:19,3
DA:20,1
DA:23,2
DA:26,2
DA:27,1
DA:30,1
DA:34,1
DA:36,1
DA:56,1
DA:60,0
DA:77,6
DA:81,6
DA:82,2
DA:85,4
DA:86,4
DA:90,1
DA:97,2
DA:99,2
DA:100,1
DA:103,2
DA:122,2
DA:123,1
LF:28
LH:27
BRDA:19,0,0,1
BRDA:19,0,1,2
BRDA:26,1,0,1
BRDA:26,1,1,1
BRDA:40,2,0,1
BRDA:40,2,1,0
BRDA:81,3,0,2
BRDA:81,3,1,4
BRDA:99,4,0,1
BRDA:99,4,1,1
BRDA:13,5,0,5
BRDA:13,5,1,0
BRDA:13,6,0,5
BRDA:13,6,1,5
BRF:14
BRH:12
end_of_record
TN:
SF:src\users\dto\create-user.dto.ts
FNF:0
FNH:0
DA:1,1
DA:9,1
DA:11,1
DA:14,1
DA:18,1
DA:22,1
DA:26,1
DA:30,1
DA:34,1
DA:38,1
DA:42,1
LF:11
LH:11
BRDA:30,0,0,0
BRDA:30,0,1,1
BRDA:30,1,0,1
BRDA:30,1,1,1
BRF:4
BRH:3
end_of_record
TN:
SF:src\users\dto\update-user.dto.ts
FNF:0
FNH:0
DA:1,1
DA:8,1
DA:10,1
DA:13,1
DA:17,1
DA:21,1
DA:25,1
DA:29,1
DA:33,1
DA:37,1
LF:10
LH:10
BRDA:25,0,0,0
BRDA:25,0,1,1
BRDA:25,1,0,1
BRDA:25,1,1,1
BRF:4
BRH:3
end_of_record
